#
# A fatal error has been detected by the Java Runtime Environment:
#
#  SIGSEGV (0xb) at pc=0x00007fd8a6c14298, pid=3580, tid=140569451476736
#
# JRE version: Java(TM) SE Runtime Environment (7.0_45-b18) (build 1.7.0_45-b18)
# Java VM: Java HotSpot(TM) 64-Bit Server VM (24.45-b08 mixed mode linux-amd64 compressed oops)
# Problematic frame:
# C  [libtesseract.so.3.0.2+0x296298]  ERRCODE::error(char const*, TessErrorLogCode, char const*, ...) const+0x1c8
#
# Failed to write core dump. Core dumps have been disabled. To enable core dumping, try "ulimit -c unlimited" before starting Java again
#
# If you would like to submit a bug report, please visit:
#   http://bugreport.sun.com/bugreport/crash.jsp
# The crash happened outside the Java Virtual Machine in native code.
# See problematic frame for where to report the bug.
#

---------------  T H R E A D  ---------------

Current thread (0x00007fd8d800a800):  JavaThread "main" [_thread_in_native, id=3583, stack(0x00007fd8e028b000,0x00007fd8e038c000)]

siginfo:si_signo=SIGSEGV: si_errno=0, si_code=1 (SEGV_MAPERR), si_addr=0x0000000000000000

Registers:
RAX=0x0000000000000001, RBX=0x00007fd8e0388270, RCX=0xffffffffffffffff, RDX=0x0000000000000001
RSP=0x00007fd8e0388250, RBP=0x0000000000000002, RSI=0x00007fd8dfb469e0, RDI=0x00000000ffffffff
R8 =0x00007fd8dfb469e0, R9 =0x00007fd8df7d1134, R10=0x0000000000000000, R11=0x0000000000000000
R12=0x00007fd8e03882b3, R13=0x00007fd8a6c418d2, R14=0x00007fd8e0388760, R15=0x0000000000000000
RIP=0x00007fd8a6c14298, EFLAGS=0x0000000000010246, CSGSFS=0x0000000000000033, ERR=0x0000000000000004
  TRAPNO=0x000000000000000e

Top of Stack: (sp=0x00007fd8e0388250)
0x00007fd8e0388250:   0000000000000000 0000003000000028
0x00007fd8e0388260:   00007fd8e0388760 00007fd8e0388680
0x00007fd8e0388270:   745f6c616e676973 6974616e696d7265
0x00007fd8e0388280:   6c646e61685f6e6f 726f7272453a7265
0x00007fd8e0388290:   5f6c616e6769533a 74616e696d726574
0x00007fd8e03882a0:   646e61685f6e6f69 6c6c61632072656c
0x00007fd8e03882b0:   2065646f433a6465 ffff000a32303035
0x00007fd8e03882c0:   00007fd8e0388530 0000000000000040
0x00007fd8e03882d0:   00007fd8e0388750 0000000000000006
0x00007fd8e03882e0:   00007fd8a6c38f22 000000000000000a
0x00007fd8e03882f0:   00007fd8d82d2840 00007fd8df7d7a42
0x00007fd8e0388300:   0000000000003538 0000000000000000
0x00007fd8e0388310:   0000000000000000 0000000000000000
0x00007fd8e0388320:   0000000400000005 00007fd8e018d1a9
0x00007fd8e0388330:   0000000000000000 0000000000000000
0x00007fd8e0388340:   0000000000000041 00007fd8df7d77e3
0x00007fd8e0388350:   00007fd800000001 0000000000000000
0x00007fd8e0388360:   0000000500000000 00007fd8e03883b0
0x00007fd8e0388370:   00007fd8d82dfe04 00007fd8a6c3e96f
0x00007fd8e0388380:   0000000000000000 00007fd8e0388690
0x00007fd8e0388390:   0000000000000000 00007fd8e038864b
0x00007fd8e03883a0:   00007fd8e03884c8 00000000df7f4ab0
0x00007fd8e03883b0:   00007fd8d807aff0 00000000df7d77e3
0x00007fd8e03883c0:   00007fd8d82dfe65 0000000000000000
0x00007fd8e03883d0:   00007fd800000000 0000000000000000
0x00007fd8e03883e0:   0000000000000000 00007fd8a7ffe8f0
0x00007fd8e03883f0:   00007fd8e0388500 0000000000000000
0x00007fd8e0388400:   0000000000000000 0000000000000000
0x00007fd8e0388410:   0000000000000001 0000000000000000
0x00007fd8e0388420:   00007fd8e03886a8 00007fd8dfb45040
0x00007fd8e0388430:   0000000000000100 0000000000000009
0x00007fd8e0388440:   00007fd800000000 00007fd8a6c38ce0 

Instructions: (pc=0x00007fd8a6c14298)
0x00007fd8a6c14278:   24 f0 04 00 00 4c 8b ac 24 f8 04 00 00 4c 8b b4
0x00007fd8a6c14288:   24 00 05 00 00 48 81 c4 08 05 00 00 c3 0f 1f 00
0x00007fd8a6c14298:   8b 04 25 00 00 00 00 85 c0 75 93 e8 78 10 e0 ff
0x00007fd8a6c142a8:   0f 1f 84 00 00 00 00 00 66 41 c7 04 24 0a 00 e9 

Register to memory mapping:

RAX=0x0000000000000001 is an unknown value
RBX=0x00007fd8e0388270 is pointing into the stack for thread: 0x00007fd8d800a800
RCX=0xffffffffffffffff is an unknown value
RDX=0x0000000000000001 is an unknown value
RSP=0x00007fd8e0388250 is pointing into the stack for thread: 0x00007fd8d800a800
RBP=0x0000000000000002 is an unknown value
RSI=0x00007fd8dfb469e0: <offset 0x3c39e0> in /lib/x86_64-linux-gnu/libc.so.6 at 0x00007fd8df783000
RDI=0x00000000ffffffff is an unallocated location in the heap
R8 =0x00007fd8dfb469e0: <offset 0x3c39e0> in /lib/x86_64-linux-gnu/libc.so.6 at 0x00007fd8df783000
R9 =0x00007fd8df7d1134: _IO_vfprintf+0x49b4 in /lib/x86_64-linux-gnu/libc.so.6 at 0x00007fd8df783000
R10=0x0000000000000000 is an unknown value
R11=0x0000000000000000 is an unknown value
R12=0x00007fd8e03882b3 is pointing into the stack for thread: 0x00007fd8d800a800
R13=0x00007fd8a6c418d2: <offset 0x2c38d2> in /usr/lib/libtesseract.so.3.0.2 at 0x00007fd8a697e000
R14=0x00007fd8e0388760 is pointing into the stack for thread: 0x00007fd8d800a800
R15=0x0000000000000000 is an unknown value


Stack: [0x00007fd8e028b000,0x00007fd8e038c000],  sp=0x00007fd8e0388250,  free space=1012k
Native frames: (J=compiled Java code, j=interpreted, Vv=VM code, C=native code)
C  [libtesseract.so.3.0.2+0x296298]  ERRCODE::error(char const*, TessErrorLogCode, char const*, ...) const+0x1c8

Java frames: (J=compiled Java code, j=interpreted, Vv=VM code)
j  net.sourceforge.tess4j.TessAPI1.TessBaseAPIInit3(Lnet/sourceforge/tess4j/TessAPI1$TessBaseAPI;Ljava/lang/String;Ljava/lang/String;)I+0
j  net.sourceforge.tess4j.TessAPI1Test.testTessBaseAPIProcessPages()V+27
v  ~StubRoutines::call_stub
j  sun.reflect.NativeMethodAccessorImpl.invoke0(Ljava/lang/reflect/Method;Ljava/lang/Object;[Ljava/lang/Object;)Ljava/lang/Object;+0
j  sun.reflect.NativeMethodAccessorImpl.invoke(Ljava/lang/Object;[Ljava/lang/Object;)Ljava/lang/Object;+87
j  sun.reflect.DelegatingMethodAccessorImpl.invoke(Ljava/lang/Object;[Ljava/lang/Object;)Ljava/lang/Object;+6
j  java.lang.reflect.Method.invoke(Ljava/lang/Object;[Ljava/lang/Object;)Ljava/lang/Object;+57
j  org.junit.runners.model.FrameworkMethod$1.runReflectiveCall()Ljava/lang/Object;+15
j  org.junit.internal.runners.model.ReflectiveCallable.run()Ljava/lang/Object;+1
j  org.junit.runners.model.FrameworkMethod.invokeExplosively(Ljava/lang/Object;[Ljava/lang/Object;)Ljava/lang/Object;+10
j  org.junit.internal.runners.statements.InvokeMethod.evaluate()V+12
j  org.junit.internal.runners.statements.RunBefores.evaluate()V+49
j  org.junit.internal.runners.statements.RunAfters.evaluate()V+12
j  org.junit.runners.ParentRunner.runLeaf(Lorg/junit/runners/model/Statement;Lorg/junit/runner/Description;Lorg/junit/runner/notification/RunNotifier;)V+17
j  org.junit.runners.BlockJUnit4ClassRunner.runChild(Lorg/junit/runners/model/FrameworkMethod;Lorg/junit/runner/notification/RunNotifier;)V+32
j  org.junit.runners.BlockJUnit4ClassRunner.runChild(Ljava/lang/Object;Lorg/junit/runner/notification/RunNotifier;)V+6
j  org.junit.runners.ParentRunner$3.run()V+12
j  org.junit.runners.ParentRunner$1.schedule(Ljava/lang/Runnable;)V+1
j  org.junit.runners.ParentRunner.runChildren(Lorg/junit/runner/notification/RunNotifier;)V+40
j  org.junit.runners.ParentRunner.access$000(Lorg/junit/runners/ParentRunner;Lorg/junit/runner/notification/RunNotifier;)V+2
j  org.junit.runners.ParentRunner$2.evaluate()V+8
j  org.junit.internal.runners.statements.RunBefores.evaluate()V+49
j  org.junit.internal.runners.statements.RunAfters.evaluate()V+12
j  org.junit.runners.ParentRunner.run(Lorg/junit/runner/notification/RunNotifier;)V+20
j  junit.framework.JUnit4TestAdapter.run(Ljunit/framework/TestResult;)V+13
j  org.apache.tools.ant.taskdefs.optional.junit.JUnitTestRunner.run()V+676
j  org.apache.tools.ant.taskdefs.optional.junit.JUnitTestRunner.launch(Lorg/apache/tools/ant/taskdefs/optional/junit/JUnitTest;[Ljava/lang/String;ZZZZZZ)I+41
j  org.apache.tools.ant.taskdefs.optional.junit.JUnitTestRunner.main([Ljava/lang/String;)V+918
v  ~StubRoutines::call_stub

---------------  P R O C E S S  ---------------

Java Threads: ( => current thread )
  0x00007fd8d809f800 JavaThread "Service Thread" daemon [_thread_blocked, id=3598, stack(0x00007fd8a75eb000,0x00007fd8a76ec000)]
  0x00007fd8d809d800 JavaThread "C2 CompilerThread1" daemon [_thread_blocked, id=3597, stack(0x00007fd8a76ec000,0x00007fd8a77ed000)]
  0x00007fd8d809a800 JavaThread "C2 CompilerThread0" daemon [_thread_blocked, id=3596, stack(0x00007fd8b40e1000,0x00007fd8b41e2000)]
  0x00007fd8d8090000 JavaThread "Signal Dispatcher" daemon [_thread_blocked, id=3595, stack(0x00007fd8b41e2000,0x00007fd8b42e3000)]
  0x00007fd8d8079000 JavaThread "Finalizer" daemon [_thread_blocked, id=3594, stack(0x00007fd8b42e3000,0x00007fd8b43e4000)]
  0x00007fd8d8075000 JavaThread "Reference Handler" daemon [_thread_blocked, id=3593, stack(0x00007fd8b43e4000,0x00007fd8b44e5000)]
=>0x00007fd8d800a800 JavaThread "main" [_thread_in_native, id=3583, stack(0x00007fd8e028b000,0x00007fd8e038c000)]

Other Threads:
  0x00007fd8d8072800 VMThread [stack: 0x00007fd8b44e5000,0x00007fd8b45e6000] [id=3592]
  0x00007fd8d80aa800 WatcherThread [stack: 0x00007fd8a74ea000,0x00007fd8a75eb000] [id=3599]

VM state:not at safepoint (normal execution)

VM Mutex/Monitor currently owned by a thread: None

Heap
 PSYoungGen      total 27648K, used 7837K [0x00000000e1a80000, 0x00000000e3900000, 0x0000000100000000)
  eden space 24064K, 32% used [0x00000000e1a80000,0x00000000e22274c0,0x00000000e3200000)
  from space 3584K, 0% used [0x00000000e3580000,0x00000000e3580000,0x00000000e3900000)
  to   space 3584K, 0% used [0x00000000e3200000,0x00000000e3200000,0x00000000e3580000)
 ParOldGen       total 61952K, used 0K [0x00000000a5000000, 0x00000000a8c80000, 0x00000000e1a80000)
  object space 61952K, 0% used [0x00000000a5000000,0x00000000a5000000,0x00000000a8c80000)
 PSPermGen       total 21504K, used 6689K [0x000000009fe00000, 0x00000000a1300000, 0x00000000a5000000)
  object space 21504K, 31% used [0x000000009fe00000,0x00000000a04884c0,0x00000000a1300000)

Card table byte_map: [0x00007fd8dd27f000,0x00007fd8dd581000] byte_map_base: 0x00007fd8dcd80000

Polling page: 0x00007fd8e03a2000

Code Cache  [0x00007fd8d5000000, 0x00007fd8d5270000, 0x00007fd8d8000000)
 total_blobs=300 nmethods=27 adapters=227 free_code_cache=48664Kb largest_free_block=49815488

Compilation events (10 events):
Event: 0,198 Thread 0x00007fd8d809a800 nmethod 23 0x00007fd8d5072d90 code [0x00007fd8d5072ee0, 0x00007fd8d5073018]
Event: 0,198 Thread 0x00007fd8d809a800   24             java.lang.AbstractStringBuilder::append (48 bytes)
Event: 0,200 Thread 0x00007fd8d809d800 nmethod 21 0x00007fd8d507bed0 code [0x00007fd8d507c1c0, 0x00007fd8d507cf70]
Event: 0,200 Thread 0x00007fd8d809d800   25             java.lang.StringBuilder::append (8 bytes)
Event: 0,201 Thread 0x00007fd8d809a800 nmethod 24 0x00007fd8d5078650 code [0x00007fd8d50787c0, 0x00007fd8d5078b98]
Event: 0,204 Thread 0x00007fd8d809d800 nmethod 25 0x00007fd8d5079b10 code [0x00007fd8d5079c80, 0x00007fd8d507a058]
Event: 0,229 Thread 0x00007fd8d809a800   26             java.util.Arrays::copyOfRange (63 bytes)
Event: 0,230 Thread 0x00007fd8d809a800 nmethod 26 0x00007fd8d507a510 code [0x00007fd8d507a660, 0x00007fd8d507a878]
Event: 0,231 Thread 0x00007fd8d809d800   27             java.lang.String::<init> (67 bytes)
Event: 0,233 Thread 0x00007fd8d809d800 nmethod 27 0x00007fd8d5079590 code [0x00007fd8d50796e0, 0x00007fd8d5079958]

GC Heap History (0 events):
No events

Deoptimization events (4 events):
Event: 0,147 Thread 0x00007fd8d800a800 Uncommon trap: reason=class_check action=maybe_recompile pc=0x00007fd8d5068304 method=java.util.Properties$LineReader.readLine()I @ 62
Event: 0,148 Thread 0x00007fd8d800a800 Uncommon trap: reason=class_check action=maybe_recompile pc=0x00007fd8d5068304 method=java.util.Properties$LineReader.readLine()I @ 62
Event: 0,148 Thread 0x00007fd8d800a800 Uncommon trap: reason=class_check action=maybe_recompile pc=0x00007fd8d5068304 method=java.util.Properties$LineReader.readLine()I @ 62
Event: 0,148 Thread 0x00007fd8d800a800 Uncommon trap: reason=class_check action=maybe_recompile pc=0x00007fd8d5068304 method=java.util.Properties$LineReader.readLine()I @ 62

Internal exceptions (10 events):
Event: 0,224 Thread 0x00007fd8d800a800 Threw 0x00000000e214c380 at /HUDSON/workspace/7u-2-build-linux-amd64/jdk7u45/229/hotspot/src/share/vm/prims/jvm.cpp:1244
Event: 0,225 Thread 0x00007fd8d800a800 Threw 0x00000000e215d520 at /HUDSON/workspace/7u-2-build-linux-amd64/jdk7u45/229/hotspot/src/share/vm/prims/jvm.cpp:1244
Event: 0,225 Thread 0x00007fd8d800a800 Threw 0x00000000e215f6d8 at /HUDSON/workspace/7u-2-build-linux-amd64/jdk7u45/229/hotspot/src/share/vm/prims/jvm.cpp:1244
Event: 0,225 Thread 0x00007fd8d800a800 Threw 0x00000000e2161fa0 at /HUDSON/workspace/7u-2-build-linux-amd64/jdk7u45/229/hotspot/src/share/vm/prims/jvm.cpp:1244
Event: 0,225 Thread 0x00007fd8d800a800 Threw 0x00000000e2164188 at /HUDSON/workspace/7u-2-build-linux-amd64/jdk7u45/229/hotspot/src/share/vm/prims/jvm.cpp:1244
Event: 0,230 Thread 0x00007fd8d800a800 Threw 0x00000000e2195268 at /HUDSON/workspace/7u-2-build-linux-amd64/jdk7u45/229/hotspot/src/share/vm/prims/jvm.cpp:1244
Event: 0,230 Thread 0x00007fd8d800a800 Threw 0x00000000e2197848 at /HUDSON/workspace/7u-2-build-linux-amd64/jdk7u45/229/hotspot/src/share/vm/prims/jvm.cpp:1244
Event: 0,243 Thread 0x00007fd8d800a800 Threw 0x00000000e21f3328 at /HUDSON/workspace/7u-2-build-linux-amd64/jdk7u45/229/hotspot/src/share/vm/prims/jvm.cpp:1244
Event: 0,244 Thread 0x00007fd8d800a800 Threw 0x00000000e21f7f48 at /HUDSON/workspace/7u-2-build-linux-amd64/jdk7u45/229/hotspot/src/share/vm/prims/jvm.cpp:1244
Event: 0,244 Thread 0x00007fd8d800a800 Threw 0x00000000e21fb9f8 at /HUDSON/workspace/7u-2-build-linux-amd64/jdk7u45/229/hotspot/src/share/vm/prims/jvm.cpp:1244

Events (10 events):
Event: 0,230 loading class 0x00007fd8d81df160
Event: 0,230 loading class 0x00007fd8d81df160 done
Event: 0,230 loading class 0x00007fd8d81df3b0
Event: 0,230 loading class 0x00007fd8d81df3b0 done
Event: 0,243 loading class 0x00007fd8d8178250
Event: 0,243 loading class 0x00007fd8d8178250 done
Event: 0,244 loading class 0x00007fd8d82b7d50
Event: 0,244 loading class 0x00007fd8d82b7d50 done
Event: 0,244 loading class 0x00007fd8d8164080
Event: 0,244 loading class 0x00007fd8d8164080 done


Dynamic libraries:
00400000-00401000 r-xp 00000000 08:01 282671                             /usr/lib/jvm/java-7-oracle/jre/bin/java
00600000-00601000 rw-p 00000000 08:01 282671                             /usr/lib/jvm/java-7-oracle/jre/bin/java
00f95000-00fb6000 rw-p 00000000 00:00 0                                  [heap]
9fe00000-a1300000 rw-p 00000000 00:00 0 
a1300000-a5000000 rw-p 00000000 00:00 0 
a5000000-a8c80000 rw-p 00000000 00:00 0 
a8c80000-e1a80000 rw-p 00000000 00:00 0 
e1a80000-e3900000 rw-p 00000000 00:00 0 
e3900000-100000000 rw-p 00000000 00:00 0 
7fd88c000000-7fd88c021000 rw-p 00000000 00:00 0 
7fd88c021000-7fd890000000 ---p 00000000 00:00 0 
7fd890000000-7fd890021000 rw-p 00000000 00:00 0 
7fd890021000-7fd894000000 ---p 00000000 00:00 0 
7fd894000000-7fd8941e0000 rw-p 00000000 00:00 0 
7fd8941e0000-7fd898000000 ---p 00000000 00:00 0 
7fd898000000-7fd898158000 rw-p 00000000 00:00 0 
7fd898158000-7fd89c000000 ---p 00000000 00:00 0 
7fd89c000000-7fd89c021000 rw-p 00000000 00:00 0 
7fd89c021000-7fd8a0000000 ---p 00000000 00:00 0 
7fd8a0000000-7fd8a0021000 rw-p 00000000 00:00 0 
7fd8a0021000-7fd8a4000000 ---p 00000000 00:00 0 
7fd8a4f1a000-7fd8a4f25000 r-xp 00000000 08:01 1449017                    /usr/lib/x86_64-linux-gnu/libjbig.so.0.0.0
7fd8a4f25000-7fd8a5124000 ---p 0000b000 08:01 1449017                    /usr/lib/x86_64-linux-gnu/libjbig.so.0.0.0
7fd8a5124000-7fd8a5125000 r--p 0000a000 08:01 1449017                    /usr/lib/x86_64-linux-gnu/libjbig.so.0.0.0
7fd8a5125000-7fd8a5128000 rw-p 0000b000 08:01 1449017                    /usr/lib/x86_64-linux-gnu/libjbig.so.0.0.0
7fd8a5128000-7fd8a5149000 r-xp 00000000 08:01 1183912                    /lib/x86_64-linux-gnu/liblzma.so.5.0.0
7fd8a5149000-7fd8a5348000 ---p 00021000 08:01 1183912                    /lib/x86_64-linux-gnu/liblzma.so.5.0.0
7fd8a5348000-7fd8a5349000 r--p 00020000 08:01 1183912                    /lib/x86_64-linux-gnu/liblzma.so.5.0.0
7fd8a5349000-7fd8a534a000 rw-p 00021000 08:01 1183912                    /lib/x86_64-linux-gnu/liblzma.so.5.0.0
7fd8a534a000-7fd8a5393000 r-xp 00000000 08:01 1469944                    /usr/lib/x86_64-linux-gnu/libwebp.so.4.0.2
7fd8a5393000-7fd8a5593000 ---p 00049000 08:01 1469944                    /usr/lib/x86_64-linux-gnu/libwebp.so.4.0.2
7fd8a5593000-7fd8a5594000 r--p 00049000 08:01 1469944                    /usr/lib/x86_64-linux-gnu/libwebp.so.4.0.2
7fd8a5594000-7fd8a5595000 rw-p 0004a000 08:01 1469944                    /usr/lib/x86_64-linux-gnu/libwebp.so.4.0.2
7fd8a5595000-7fd8a5598000 rw-p 00000000 00:00 0 
7fd8a5598000-7fd8a5606000 r-xp 00000000 08:01 1449307                    /usr/lib/x86_64-linux-gnu/libtiff.so.5.1.0
7fd8a5606000-7fd8a5806000 ---p 0006e000 08:01 1449307                    /usr/lib/x86_64-linux-gnu/libtiff.so.5.1.0
7fd8a5806000-7fd8a5807000 r--p 0006e000 08:01 1449307                    /usr/lib/x86_64-linux-gnu/libtiff.so.5.1.0
7fd8a5807000-7fd8a580a000 rw-p 0006f000 08:01 1449307                    /usr/lib/x86_64-linux-gnu/libtiff.so.5.1.0
7fd8a580a000-7fd8a5812000 r-xp 00000000 08:01 1469930                    /usr/lib/x86_64-linux-gnu/libgif.so.4.1.6
7fd8a5812000-7fd8a5a11000 ---p 00008000 08:01 1469930                    /usr/lib/x86_64-linux-gnu/libgif.so.4.1.6
7fd8a5a11000-7fd8a5a12000 r--p 00007000 08:01 1469930                    /usr/lib/x86_64-linux-gnu/libgif.so.4.1.6
7fd8a5a12000-7fd8a5a13000 rw-p 00008000 08:01 1469930                    /usr/lib/x86_64-linux-gnu/libgif.so.4.1.6
7fd8a5a13000-7fd8a5a56000 r-xp 00000000 08:01 1449019                    /usr/lib/x86_64-linux-gnu/libjpeg.so.8.0.2
7fd8a5a56000-7fd8a5c56000 ---p 00043000 08:01 1449019                    /usr/lib/x86_64-linux-gnu/libjpeg.so.8.0.2
7fd8a5c56000-7fd8a5c57000 r--p 00043000 08:01 1449019                    /usr/lib/x86_64-linux-gnu/libjpeg.so.8.0.2
7fd8a5c57000-7fd8a5c58000 rw-p 00044000 08:01 1449019                    /usr/lib/x86_64-linux-gnu/libjpeg.so.8.0.2
7fd8a5c58000-7fd8a5c68000 rw-p 00000000 00:00 0 
7fd8a5c68000-7fd8a5c8d000 r-xp 00000000 08:01 1183974                    /lib/x86_64-linux-gnu/libpng12.so.0.49.0
7fd8a5c8d000-7fd8a5e8c000 ---p 00025000 08:01 1183974                    /lib/x86_64-linux-gnu/libpng12.so.0.49.0
7fd8a5e8c000-7fd8a5e8d000 r--p 00024000 08:01 1183974                    /lib/x86_64-linux-gnu/libpng12.so.0.49.0
7fd8a5e8d000-7fd8a5e8e000 rw-p 00025000 08:01 1183974                    /lib/x86_64-linux-gnu/libpng12.so.0.49.0
7fd8a5e8e000-7fd8a5ea6000 r-xp 00000000 08:01 1184022                    /lib/x86_64-linux-gnu/libz.so.1.2.8
7fd8a5ea6000-7fd8a60a5000 ---p 00018000 08:01 1184022                    /lib/x86_64-linux-gnu/libz.so.1.2.8
7fd8a60a5000-7fd8a60a6000 r--p 00017000 08:01 1184022                    /lib/x86_64-linux-gnu/libz.so.1.2.8
7fd8a60a6000-7fd8a60a7000 rw-p 00018000 08:01 1184022                    /lib/x86_64-linux-gnu/libz.so.1.2.8
7fd8a60a7000-7fd8a60bc000 r-xp 00000000 08:01 1183889                    /lib/x86_64-linux-gnu/libgcc_s.so.1
7fd8a60bc000-7fd8a62bb000 ---p 00015000 08:01 1183889                    /lib/x86_64-linux-gnu/libgcc_s.so.1
7fd8a62bb000-7fd8a62bc000 r--p 00014000 08:01 1183889                    /lib/x86_64-linux-gnu/libgcc_s.so.1
7fd8a62bc000-7fd8a62bd000 rw-p 00015000 08:01 1183889                    /lib/x86_64-linux-gnu/libgcc_s.so.1
7fd8a62bd000-7fd8a63a3000 r-xp 00000000 08:01 1449276                    /usr/lib/x86_64-linux-gnu/libstdc++.so.6.0.18
7fd8a63a3000-7fd8a65a2000 ---p 000e6000 08:01 1449276                    /usr/lib/x86_64-linux-gnu/libstdc++.so.6.0.18
7fd8a65a2000-7fd8a65aa000 r--p 000e5000 08:01 1449276                    /usr/lib/x86_64-linux-gnu/libstdc++.so.6.0.18
7fd8a65aa000-7fd8a65ac000 rw-p 000ed000 08:01 1449276                    /usr/lib/x86_64-linux-gnu/libstdc++.so.6.0.18
7fd8a65ac000-7fd8a65c1000 rw-p 00000000 00:00 0 
7fd8a65c1000-7fd8a6774000 r-xp 00000000 08:01 1324551                    /usr/lib/liblept.so.3.0.0
7fd8a6774000-7fd8a6974000 ---p 001b3000 08:01 1324551                    /usr/lib/liblept.so.3.0.0
7fd8a6974000-7fd8a6975000 r--p 001b3000 08:01 1324551                    /usr/lib/liblept.so.3.0.0
7fd8a6975000-7fd8a697d000 rw-p 001b4000 08:01 1324551                    /usr/lib/liblept.so.3.0.0
7fd8a697d000-7fd8a697e000 rw-p 00000000 00:00 0 
7fd8a697e000-7fd8a6c8e000 r-xp 00000000 08:01 1324632                    /usr/lib/libtesseract.so.3.0.2
7fd8a6c8e000-7fd8a6e8e000 ---p 00310000 08:01 1324632                    /usr/lib/libtesseract.so.3.0.2
7fd8a6e8e000-7fd8a6e95000 r--p 00310000 08:01 1324632                    /usr/lib/libtesseract.so.3.0.2
7fd8a6e95000-7fd8a6e9c000 rw-p 00317000 08:01 1324632                    /usr/lib/libtesseract.so.3.0.2
7fd8a6e9c000-7fd8a6faa000 rw-p 00000000 00:00 0 
7fd8a6faa000-7fd8a6fc1000 r-xp 00000000 08:01 538851                     /tmp/jna--1074367764/jna2755545557423542156.tmp (deleted)
7fd8a6fc1000-7fd8a70c0000 ---p 00017000 08:01 538851                     /tmp/jna--1074367764/jna2755545557423542156.tmp (deleted)
7fd8a70c0000-7fd8a70c2000 rw-p 00016000 08:01 538851                     /tmp/jna--1074367764/jna2755545557423542156.tmp (deleted)
7fd8a70c2000-7fd8a70d8000 r-xp 00000000 08:01 282917                     /usr/lib/jvm/java-7-oracle/jre/lib/amd64/libnet.so
7fd8a70d8000-7fd8a72d8000 ---p 00016000 08:01 282917                     /usr/lib/jvm/java-7-oracle/jre/lib/amd64/libnet.so
7fd8a72d8000-7fd8a72d9000 rw-p 00016000 08:01 282917                     /usr/lib/jvm/java-7-oracle/jre/lib/amd64/libnet.so
7fd8a72d9000-7fd8a72e9000 r-xp 00000000 08:01 282923                     /usr/lib/jvm/java-7-oracle/jre/lib/amd64/libnio.so
7fd8a72e9000-7fd8a74e9000 ---p 00010000 08:01 282923                     /usr/lib/jvm/java-7-oracle/jre/lib/amd64/libnio.so
7fd8a74e9000-7fd8a74ea000 rw-p 00010000 08:01 282923                     /usr/lib/jvm/java-7-oracle/jre/lib/amd64/libnio.so
7fd8a74ea000-7fd8a74eb000 ---p 00000000 00:00 0 
7fd8a74eb000-7fd8a75eb000 rw-p 00000000 00:00 0                          [stack:3599]
7fd8a75eb000-7fd8a75ee000 ---p 00000000 00:00 0 
7fd8a75ee000-7fd8a76ec000 rw-p 00000000 00:00 0                          [stack:3598]
7fd8a76ec000-7fd8a76ef000 ---p 00000000 00:00 0 
7fd8a76ef000-7fd8a77ed000 rw-p 00000000 00:00 0                          [stack:3597]
7fd8a77ed000-7fd8a8000000 r--p 00000000 08:01 1316721                    /usr/lib/locale/locale-archive
7fd8a8000000-7fd8a8021000 rw-p 00000000 00:00 0 
7fd8a8021000-7fd8ac000000 ---p 00000000 00:00 0 
7fd8ac000000-7fd8ac021000 rw-p 00000000 00:00 0 
7fd8ac021000-7fd8b0000000 ---p 00000000 00:00 0 
7fd8b0000000-7fd8b0021000 rw-p 00000000 00:00 0 
7fd8b0021000-7fd8b4000000 ---p 00000000 00:00 0 
7fd8b4067000-7fd8b406e000 r--s 00000000 08:01 1577107                    /usr/lib/x86_64-linux-gnu/gconv/gconv-modules.cache
7fd8b406e000-7fd8b4092000 r--p 00000000 08:01 148914                     /usr/share/locale-langpack/pl/LC_MESSAGES/libc.mo
7fd8b4092000-7fd8b40c3000 rw-p 00000000 00:00 0 
7fd8b40c3000-7fd8b40e1000 r--s 001c3000 08:01 1056007                    /home/michal/netbeans-7.4/extide/ant/lib/ant.jar
7fd8b40e1000-7fd8b40e4000 ---p 00000000 00:00 0 
7fd8b40e4000-7fd8b41e2000 rw-p 00000000 00:00 0                          [stack:3596]
7fd8b41e2000-7fd8b41e5000 ---p 00000000 00:00 0 
7fd8b41e5000-7fd8b42e3000 rw-p 00000000 00:00 0                          [stack:3595]
7fd8b42e3000-7fd8b42e6000 ---p 00000000 00:00 0 
7fd8b42e6000-7fd8b43e4000 rw-p 00000000 00:00 0                          [stack:3594]
7fd8b43e4000-7fd8b43e7000 ---p 00000000 00:00 0 
7fd8b43e7000-7fd8b44e5000 rw-p 00000000 00:00 0                          [stack:3593]
7fd8b44e5000-7fd8b44e6000 ---p 00000000 00:00 0 
7fd8b44e6000-7fd8b8000000 rw-p 00000000 00:00 0                          [stack:3592]
7fd8b8000000-7fd8b8021000 rw-p 00000000 00:00 0 
7fd8b8021000-7fd8bc000000 ---p 00000000 00:00 0 
7fd8bc000000-7fd8bc021000 rw-p 00000000 00:00 0 
7fd8bc021000-7fd8c0000000 ---p 00000000 00:00 0 
7fd8c0000000-7fd8c0021000 rw-p 00000000 00:00 0 
7fd8c0021000-7fd8c4000000 ---p 00000000 00:00 0 
7fd8c4000000-7fd8c4021000 rw-p 00000000 00:00 0 
7fd8c4021000-7fd8c8000000 ---p 00000000 00:00 0 
7fd8c8000000-7fd8c8021000 rw-p 00000000 00:00 0 
7fd8c8021000-7fd8cc000000 ---p 00000000 00:00 0 
7fd8cc000000-7fd8cc021000 rw-p 00000000 00:00 0 
7fd8cc021000-7fd8d0000000 ---p 00000000 00:00 0 
7fd8d0000000-7fd8d0021000 rw-p 00000000 00:00 0 
7fd8d0021000-7fd8d4000000 ---p 00000000 00:00 0 
7fd8d4005000-7fd8d4009000 r--s 0008a000 08:01 282745                     /usr/lib/jvm/java-7-oracle/jre/lib/jsse.jar
7fd8d4009000-7fd8d4013000 r--s 00250000 08:01 283463                     /usr/lib/jvm/java-7-oracle/jre/lib/resources.jar
7fd8d4013000-7fd8d401a000 r--s 00037000 08:01 1191105                    /home/michal/jadebusem/schedule_reader/java/ScheduleReader/Tess4J/lib/junit-4.10.jar
7fd8d401a000-7fd8d402b000 r--s 00106000 08:01 1191100                    /home/michal/jadebusem/schedule_reader/java/ScheduleReader/Tess4J/lib/jai_imageio.jar
7fd8d402b000-7fd8d5000000 rw-p 00000000 00:00 0 
7fd8d5000000-7fd8d5270000 rwxp 00000000 00:00 0 
7fd8d5270000-7fd8d8648000 rw-p 00000000 00:00 0 
7fd8d8648000-7fd8dc000000 ---p 00000000 00:00 0 
7fd8dc001000-7fd8dc2b2000 rw-p 00000000 00:00 0 
7fd8dc2b2000-7fd8dc46e000 r--s 039b2000 08:01 282684                     /usr/lib/jvm/java-7-oracle/jre/lib/rt.jar
7fd8dc46e000-7fd8dc868000 rw-p 00000000 00:00 0 
7fd8dc868000-7fd8dc869000 ---p 00000000 00:00 0 
7fd8dc869000-7fd8dc969000 rw-p 00000000 00:00 0                          [stack:3591]
7fd8dc969000-7fd8dc96a000 ---p 00000000 00:00 0 
7fd8dc96a000-7fd8dca6a000 rw-p 00000000 00:00 0                          [stack:3590]
7fd8dca6a000-7fd8dca6b000 ---p 00000000 00:00 0 
7fd8dca6b000-7fd8dcb6b000 rw-p 00000000 00:00 0                          [stack:3589]
7fd8dcb6b000-7fd8dcb6c000 ---p 00000000 00:00 0 
7fd8dcb6c000-7fd8dcc6c000 rw-p 00000000 00:00 0                          [stack:3588]
7fd8dcc6c000-7fd8dcc6d000 ---p 00000000 00:00 0 
7fd8dcc6d000-7fd8dcd6d000 rw-p 00000000 00:00 0                          [stack:3587]
7fd8dcd6d000-7fd8dcd6e000 ---p 00000000 00:00 0 
7fd8dcd6e000-7fd8dce6e000 rw-p 00000000 00:00 0                          [stack:3586]
7fd8dce6e000-7fd8dce6f000 ---p 00000000 00:00 0 
7fd8dce6f000-7fd8dcf6f000 rw-p 00000000 00:00 0                          [stack:3585]
7fd8dcf6f000-7fd8dcf70000 ---p 00000000 00:00 0 
7fd8dcf70000-7fd8dd07b000 rw-p 00000000 00:00 0                          [stack:3584]
7fd8dd07b000-7fd8dd099000 rw-p 00000000 00:00 0 
7fd8dd099000-7fd8dd0b8000 rw-p 00000000 00:00 0 
7fd8dd0b8000-7fd8dd27f000 rw-p 00000000 00:00 0 
7fd8dd27f000-7fd8dd28a000 rw-p 00000000 00:00 0 
7fd8dd28a000-7fd8dd2a8000 rw-p 00000000 00:00 0 
7fd8dd2a8000-7fd8dd2c7000 rw-p 00000000 00:00 0 
7fd8dd2c7000-7fd8dd48d000 rw-p 00000000 00:00 0 
7fd8dd48d000-7fd8dd49d000 rw-p 00000000 00:00 0 
7fd8dd49d000-7fd8dd580000 rw-p 00000000 00:00 0 
7fd8dd580000-7fd8dd581000 rw-p 00000000 00:00 0 
7fd8dd581000-7fd8dd59b000 r-xp 00000000 08:01 282936                     /usr/lib/jvm/java-7-oracle/jre/lib/amd64/libzip.so
7fd8dd59b000-7fd8dd79b000 ---p 0001a000 08:01 282936                     /usr/lib/jvm/java-7-oracle/jre/lib/amd64/libzip.so
7fd8dd79b000-7fd8dd79c000 rw-p 0001a000 08:01 282936                     /usr/lib/jvm/java-7-oracle/jre/lib/amd64/libzip.so
7fd8dd79c000-7fd8dd7a8000 r-xp 00000000 08:01 1183940                    /lib/x86_64-linux-gnu/libnss_files-2.17.so
7fd8dd7a8000-7fd8dd9a7000 ---p 0000c000 08:01 1183940                    /lib/x86_64-linux-gnu/libnss_files-2.17.so
7fd8dd9a7000-7fd8dd9a8000 r--p 0000b000 08:01 1183940                    /lib/x86_64-linux-gnu/libnss_files-2.17.so
7fd8dd9a8000-7fd8dd9a9000 rw-p 0000c000 08:01 1183940                    /lib/x86_64-linux-gnu/libnss_files-2.17.so
7fd8dd9a9000-7fd8dd9b4000 r-xp 00000000 08:01 1183944                    /lib/x86_64-linux-gnu/libnss_nis-2.17.so
7fd8dd9b4000-7fd8ddbb3000 ---p 0000b000 08:01 1183944                    /lib/x86_64-linux-gnu/libnss_nis-2.17.so
7fd8ddbb3000-7fd8ddbb4000 r--p 0000a000 08:01 1183944                    /lib/x86_64-linux-gnu/libnss_nis-2.17.so
7fd8ddbb4000-7fd8ddbb5000 rw-p 0000b000 08:01 1183944                    /lib/x86_64-linux-gnu/libnss_nis-2.17.so
7fd8ddbb5000-7fd8ddbcc000 r-xp 00000000 08:01 1183934                    /lib/x86_64-linux-gnu/libnsl-2.17.so
7fd8ddbcc000-7fd8dddcb000 ---p 00017000 08:01 1183934                    /lib/x86_64-linux-gnu/libnsl-2.17.so
7fd8dddcb000-7fd8dddcc000 r--p 00016000 08:01 1183934                    /lib/x86_64-linux-gnu/libnsl-2.17.so
7fd8dddcc000-7fd8dddcd000 rw-p 00017000 08:01 1183934                    /lib/x86_64-linux-gnu/libnsl-2.17.so
7fd8dddcd000-7fd8dddcf000 rw-p 00000000 00:00 0 
7fd8dddcf000-7fd8dddd7000 r-xp 00000000 08:01 1183936                    /lib/x86_64-linux-gnu/libnss_compat-2.17.so
7fd8dddd7000-7fd8ddfd6000 ---p 00008000 08:01 1183936                    /lib/x86_64-linux-gnu/libnss_compat-2.17.so
7fd8ddfd6000-7fd8ddfd7000 r--p 00007000 08:01 1183936                    /lib/x86_64-linux-gnu/libnss_compat-2.17.so
7fd8ddfd7000-7fd8ddfd8000 rw-p 00008000 08:01 1183936                    /lib/x86_64-linux-gnu/libnss_compat-2.17.so
7fd8ddfd8000-7fd8de001000 r-xp 00000000 08:01 282924                     /usr/lib/jvm/java-7-oracle/jre/lib/amd64/libjava.so
7fd8de001000-7fd8de201000 ---p 00029000 08:01 282924                     /usr/lib/jvm/java-7-oracle/jre/lib/amd64/libjava.so
7fd8de201000-7fd8de203000 rw-p 00029000 08:01 282924                     /usr/lib/jvm/java-7-oracle/jre/lib/amd64/libjava.so
7fd8de203000-7fd8de210000 r-xp 00000000 08:01 282919                     /usr/lib/jvm/java-7-oracle/jre/lib/amd64/libverify.so
7fd8de210000-7fd8de40f000 ---p 0000d000 08:01 282919                     /usr/lib/jvm/java-7-oracle/jre/lib/amd64/libverify.so
7fd8de40f000-7fd8de411000 rw-p 0000c000 08:01 282919                     /usr/lib/jvm/java-7-oracle/jre/lib/amd64/libverify.so
7fd8de411000-7fd8de418000 r-xp 00000000 08:01 1183987                    /lib/x86_64-linux-gnu/librt-2.17.so
7fd8de418000-7fd8de617000 ---p 00007000 08:01 1183987                    /lib/x86_64-linux-gnu/librt-2.17.so
7fd8de617000-7fd8de618000 r--p 00006000 08:01 1183987                    /lib/x86_64-linux-gnu/librt-2.17.so
7fd8de618000-7fd8de619000 rw-p 00007000 08:01 1183987                    /lib/x86_64-linux-gnu/librt-2.17.so
7fd8de619000-7fd8de71c000 r-xp 00000000 08:01 1183915                    /lib/x86_64-linux-gnu/libm-2.17.so
7fd8de71c000-7fd8de91b000 ---p 00103000 08:01 1183915                    /lib/x86_64-linux-gnu/libm-2.17.so
7fd8de91b000-7fd8de91c000 r--p 00102000 08:01 1183915                    /lib/x86_64-linux-gnu/libm-2.17.so
7fd8de91c000-7fd8de91d000 rw-p 00103000 08:01 1183915                    /lib/x86_64-linux-gnu/libm-2.17.so
7fd8de91d000-7fd8df47f000 r-xp 00000000 08:01 282906                     /usr/lib/jvm/java-7-oracle/jre/lib/amd64/server/libjvm.so
7fd8df47f000-7fd8df67f000 ---p 00b62000 08:01 282906                     /usr/lib/jvm/java-7-oracle/jre/lib/amd64/server/libjvm.so
7fd8df67f000-7fd8df742000 rw-p 00b62000 08:01 282906                     /usr/lib/jvm/java-7-oracle/jre/lib/amd64/server/libjvm.so
7fd8df742000-7fd8df783000 rw-p 00000000 00:00 0 
7fd8df783000-7fd8df940000 r-xp 00000000 08:01 1183864                    /lib/x86_64-linux-gnu/libc-2.17.so
7fd8df940000-7fd8dfb40000 ---p 001bd000 08:01 1183864                    /lib/x86_64-linux-gnu/libc-2.17.so
7fd8dfb40000-7fd8dfb44000 r--p 001bd000 08:01 1183864                    /lib/x86_64-linux-gnu/libc-2.17.so
7fd8dfb44000-7fd8dfb46000 rw-p 001c1000 08:01 1183864                    /lib/x86_64-linux-gnu/libc-2.17.so
7fd8dfb46000-7fd8dfb4b000 rw-p 00000000 00:00 0 
7fd8dfb4b000-7fd8dfb4e000 r-xp 00000000 08:01 1183879                    /lib/x86_64-linux-gnu/libdl-2.17.so
7fd8dfb4e000-7fd8dfd4d000 ---p 00003000 08:01 1183879                    /lib/x86_64-linux-gnu/libdl-2.17.so
7fd8dfd4d000-7fd8dfd4e000 r--p 00002000 08:01 1183879                    /lib/x86_64-linux-gnu/libdl-2.17.so
7fd8dfd4e000-7fd8dfd4f000 rw-p 00003000 08:01 1183879                    /lib/x86_64-linux-gnu/libdl-2.17.so
7fd8dfd4f000-7fd8dfd65000 r-xp 00000000 08:01 282892                     /usr/lib/jvm/java-7-oracle/jre/lib/amd64/jli/libjli.so
7fd8dfd65000-7fd8dff65000 ---p 00016000 08:01 282892                     /usr/lib/jvm/java-7-oracle/jre/lib/amd64/jli/libjli.so
7fd8dff65000-7fd8dff66000 rw-p 00016000 08:01 282892                     /usr/lib/jvm/java-7-oracle/jre/lib/amd64/jli/libjli.so
7fd8dff66000-7fd8dff7d000 r-xp 00000000 08:01 1183979                    /lib/x86_64-linux-gnu/libpthread-2.17.so
7fd8dff7d000-7fd8e017d000 ---p 00017000 08:01 1183979                    /lib/x86_64-linux-gnu/libpthread-2.17.so
7fd8e017d000-7fd8e017e000 r--p 00017000 08:01 1183979                    /lib/x86_64-linux-gnu/libpthread-2.17.so
7fd8e017e000-7fd8e017f000 rw-p 00018000 08:01 1183979                    /lib/x86_64-linux-gnu/libpthread-2.17.so
7fd8e017f000-7fd8e0183000 rw-p 00000000 00:00 0 
7fd8e0183000-7fd8e01a6000 r-xp 00000000 08:01 1183840                    /lib/x86_64-linux-gnu/ld-2.17.so
7fd8e01a6000-7fd8e01a7000 rwxp 00000000 00:00 0 
7fd8e01a7000-7fd8e01a8000 r--p 00000000 00:00 0 
7fd8e01a8000-7fd8e01a9000 rwxp 00000000 00:00 0 
7fd8e01a9000-7fd8e01ac000 r--s 00019000 08:01 1055993                    /home/michal/netbeans-7.4/extide/ant/lib/ant-junit.jar
7fd8e01ac000-7fd8e01d5000 rw-p 00000000 00:00 0 
7fd8e01d5000-7fd8e028b000 rw-p 00000000 00:00 0 
7fd8e028b000-7fd8e028e000 ---p 00000000 00:00 0 
7fd8e028e000-7fd8e0390000 rw-p 00000000 00:00 0                          [stack:3583]
7fd8e0390000-7fd8e0392000 r--s 00002000 08:01 1055991                    /home/michal/netbeans-7.4/extide/ant/lib/ant-junit4.jar
7fd8e0392000-7fd8e0393000 r--s 00004000 08:01 1055985                    /home/michal/netbeans-7.4/extide/ant/lib/ant-launcher.jar
7fd8e0393000-7fd8e0395000 r--s 00006000 08:01 1191099                    /home/michal/jadebusem/schedule_reader/java/ScheduleReader/Tess4J/lib/ghost4j-0.3.1.jar
7fd8e0395000-7fd8e0399000 r--s 000dc000 08:01 1191101                    /home/michal/jadebusem/schedule_reader/java/ScheduleReader/Tess4J/lib/jna.jar
7fd8e0399000-7fd8e03a1000 rw-s 00000000 08:01 538849                     /tmp/hsperfdata_michal/3580
7fd8e03a1000-7fd8e03a2000 rw-p 00000000 00:00 0 
7fd8e03a2000-7fd8e03a3000 r--p 00000000 00:00 0 
7fd8e03a3000-7fd8e03a5000 rw-p 00000000 00:00 0 
7fd8e03a5000-7fd8e03a6000 r--p 00022000 08:01 1183840                    /lib/x86_64-linux-gnu/ld-2.17.so
7fd8e03a6000-7fd8e03a8000 rw-p 00023000 08:01 1183840                    /lib/x86_64-linux-gnu/ld-2.17.so
7fffcb41d000-7fffcb43e000 rw-p 00000000 00:00 0                          [stack]
7fffcb5be000-7fffcb5c0000 r-xp 00000000 00:00 0                          [vdso]
ffffffffff600000-ffffffffff601000 r-xp 00000000 00:00 0                  [vsyscall]

VM Arguments:
jvm_args: -ea 
java_command: org.apache.tools.ant.taskdefs.optional.junit.JUnitTestRunner net.sourceforge.tess4j.TessAPI1Test filtertrace=true haltOnError=false haltOnFailure=false showoutput=true outputtoformatters=true logfailedtests=true logtestlistenerevents=true formatter=org.apache.tools.ant.taskdefs.optional.junit.BriefJUnitResultFormatter formatter=org.apache.tools.ant.taskdefs.optional.junit.XMLJUnitResultFormatter,/home/michal/jadebusem/schedule_reader/java/ScheduleReader/Tess4J/build/test/results/TEST-net.sourceforge.tess4j.TessAPI1Test.xml crashfile=/home/michal/jadebusem/schedule_reader/java/ScheduleReader/Tess4J/build/junitvmwatcher3336712343149678568.properties propsfile=/home/michal/jadebusem/schedule_reader/java/ScheduleReader/Tess4J/build/junit8035815389176451231.properties
Launcher Type: SUN_STANDARD

Environment Variables:
PATH=/usr/lib/lightdm/lightdm:/usr/local/sbin:/usr/local/bin:/usr/sbin:/usr/bin:/sbin:/bin:/usr/games:/usr/local/games
LD_LIBRARY_PATH=/usr/lib/jvm/java-7-oracle/jre/lib/amd64:/usr/lib/jvm/java-7-oracle/jre/lib/i386:
SHELL=/bin/bash
DISPLAY=:0.0

Signal Handlers:
SIGSEGV: [libjvm.so+0x9935b0], sa_mask[0]=0x7ffbfeff, sa_flags=0x10000004
SIGBUS: [libjvm.so+0x9935b0], sa_mask[0]=0x7ffbfeff, sa_flags=0x10000004
SIGFPE: [libjvm.so+0x810330], sa_mask[0]=0x7ffbfeff, sa_flags=0x10000004
SIGPIPE: [libjvm.so+0x810330], sa_mask[0]=0x7ffbfeff, sa_flags=0x10000004
SIGXFSZ: [libjvm.so+0x810330], sa_mask[0]=0x7ffbfeff, sa_flags=0x10000004
SIGILL: [libjvm.so+0x810330], sa_mask[0]=0x7ffbfeff, sa_flags=0x10000004
SIGUSR1: SIG_DFL, sa_mask[0]=0x00000000, sa_flags=0x00000000
SIGUSR2: [libjvm.so+0x811820], sa_mask[0]=0x00000004, sa_flags=0x10000004
SIGHUP: [libjvm.so+0x812790], sa_mask[0]=0x7ffbfeff, sa_flags=0x10000004
SIGINT: SIG_IGN, sa_mask[0]=0x00000000, sa_flags=0x00000000
SIGTERM: [libjvm.so+0x812790], sa_mask[0]=0x7ffbfeff, sa_flags=0x10000004
SIGQUIT: [libjvm.so+0x812790], sa_mask[0]=0x7ffbfeff, sa_flags=0x10000004


---------------  S Y S T E M  ---------------

OS:wheezy/sid

uname:Linux 3.11.0-13-generic #20-Ubuntu SMP Wed Oct 23 07:38:26 UTC 2013 x86_64
libc:glibc 2.17 NPTL 2.17 
rlimit: STACK 8192k, CORE 0k, NPROC 46408, NOFILE 4096, AS infinity
load average:1,26 0,40 0,14

/proc/meminfo:
MemTotal:        5960424 kB
MemFree:         3922900 kB
Buffers:          108944 kB
Cached:           637648 kB
SwapCached:            0 kB
Active:          1287356 kB
Inactive:         529088 kB
Active(anon):    1071396 kB
Inactive(anon):    13936 kB
Active(file):     215960 kB
Inactive(file):   515152 kB
Unevictable:          32 kB
Mlocked:              32 kB
SwapTotal:       4191228 kB
SwapFree:        4191228 kB
Dirty:               300 kB
Writeback:             0 kB
AnonPages:       1070508 kB
Mapped:           130084 kB
Shmem:             14996 kB
Slab:             112344 kB
SReclaimable:      72552 kB
SUnreclaim:        39792 kB
KernelStack:        5696 kB
PageTables:        24900 kB
NFS_Unstable:          0 kB
Bounce:                0 kB
WritebackTmp:          0 kB
CommitLimit:     7171440 kB
Committed_AS:    3891704 kB
VmallocTotal:   34359738367 kB
VmallocUsed:      174976 kB
VmallocChunk:   34359549824 kB
HardwareCorrupted:     0 kB
AnonHugePages:         0 kB
HugePages_Total:       0
HugePages_Free:        0
HugePages_Rsvd:        0
HugePages_Surp:        0
Hugepagesize:       2048 kB
DirectMap4k:       67456 kB
DirectMap2M:     3979264 kB
DirectMap1G:     2097152 kB


CPU:total 8 (1 cores per cpu, 1 threads per core) family 6 model 60 stepping 3, cmov, cx8, fxsr, mmx, sse, sse2, sse3, ssse3, sse4.1, sse4.2, popcnt, avx, aes, erms, tsc, tscinvbit

/proc/cpuinfo:
processor	: 0
vendor_id	: GenuineIntel
cpu family	: 6
model		: 60
model name	: Intel(R) Core(TM) i7-4770K CPU @ 3.50GHz
stepping	: 3
microcode	: 0x16
cpu MHz		: 4001.000
cache size	: 8192 KB
fpu		: yes
fpu_exception	: yes
cpuid level	: 13
wp		: yes
flags		: fpu vme de pse tsc msr pae mce cx8 apic sep mtrr pge mca cmov pat pse36 clflush dts mmx fxsr sse sse2 ss syscall nx pdpe1gb rdtscp lm constant_tsc arch_perfmon pebs bts nopl xtopology tsc_reliable nonstop_tsc aperfmperf eagerfpu pni pclmulqdq ssse3 fma cx16 pcid sse4_1 sse4_2 x2apic movbe popcnt aes xsave avx f16c rdrand hypervisor lahf_lm ida arat xsaveopt pln pts dtherm fsgsbase smep
bogomips	: 8002.00
clflush size	: 64
cache_alignment	: 64
address sizes	: 40 bits physical, 48 bits virtual
power management:

processor	: 1
vendor_id	: GenuineIntel
cpu family	: 6
model		: 60
model name	: Intel(R) Core(TM) i7-4770K CPU @ 3.50GHz
stepping	: 3
microcode	: 0x16
cpu MHz		: 4001.000
cache size	: 8192 KB
fpu		: yes
fpu_exception	: yes
cpuid level	: 13
wp		: yes
flags		: fpu vme de pse tsc msr pae mce cx8 apic sep mtrr pge mca cmov pat pse36 clflush dts mmx fxsr sse sse2 ss syscall nx pdpe1gb rdtscp lm constant_tsc arch_perfmon pebs bts nopl xtopology tsc_reliable nonstop_tsc aperfmperf eagerfpu pni pclmulqdq ssse3 fma cx16 pcid sse4_1 sse4_2 x2apic movbe popcnt aes xsave avx f16c rdrand hypervisor lahf_lm ida arat xsaveopt pln pts dtherm fsgsbase smep
bogomips	: 8002.00
clflush size	: 64
cache_alignment	: 64
address sizes	: 40 bits physical, 48 bits virtual
power management:

processor	: 2
vendor_id	: GenuineIntel
cpu family	: 6
model		: 60
model name	: Intel(R) Core(TM) i7-4770K CPU @ 3.50GHz
stepping	: 3
microcode	: 0x16
cpu MHz		: 4001.000
cache size	: 8192 KB
fpu		: yes
fpu_exception	: yes
cpuid level	: 13
wp		: yes
flags		: fpu vme de pse tsc msr pae mce cx8 apic sep mtrr pge mca cmov pat pse36 clflush dts mmx fxsr sse sse2 ss syscall nx pdpe1gb rdtscp lm constant_tsc arch_perfmon pebs bts nopl xtopology tsc_reliable nonstop_tsc aperfmperf eagerfpu pni pclmulqdq ssse3 fma cx16 pcid sse4_1 sse4_2 x2apic movbe popcnt aes xsave avx f16c rdrand hypervisor lahf_lm ida arat xsaveopt pln pts dtherm fsgsbase smep
bogomips	: 8002.00
clflush size	: 64
cache_alignment	: 64
address sizes	: 40 bits physical, 48 bits virtual
power management:

processor	: 3
vendor_id	: GenuineIntel
cpu family	: 6
model		: 60
model name	: Intel(R) Core(TM) i7-4770K CPU @ 3.50GHz
stepping	: 3
microcode	: 0x16
cpu MHz		: 4001.000
cache size	: 8192 KB
fpu		: yes
fpu_exception	: yes
cpuid level	: 13
wp		: yes
flags		: fpu vme de pse tsc msr pae mce cx8 apic sep mtrr pge mca cmov pat pse36 clflush dts mmx fxsr sse sse2 ss syscall nx pdpe1gb rdtscp lm constant_tsc arch_perfmon pebs bts nopl xtopology tsc_reliable nonstop_tsc aperfmperf eagerfpu pni pclmulqdq ssse3 fma cx16 pcid sse4_1 sse4_2 x2apic movbe popcnt aes xsave avx f16c rdrand hypervisor lahf_lm ida arat xsaveopt pln pts dtherm fsgsbase smep
bogomips	: 8002.00
clflush size	: 64
cache_alignment	: 64
address sizes	: 40 bits physical, 48 bits virtual
power management:

processor	: 4
vendor_id	: GenuineIntel
cpu family	: 6
model		: 60
model name	: Intel(R) Core(TM) i7-4770K CPU @ 3.50GHz
stepping	: 3
microcode	: 0x16
cpu MHz		: 4001.000
cache size	: 8192 KB
fpu		: yes
fpu_exception	: yes
cpuid level	: 13
wp		: yes
flags		: fpu vme de pse tsc msr pae mce cx8 apic sep mtrr pge mca cmov pat pse36 clflush dts mmx fxsr sse sse2 ss syscall nx pdpe1gb rdtscp lm constant_tsc arch_perfmon pebs bts nopl xtopology tsc_reliable nonstop_tsc aperfmperf eagerfpu pni pclmulqdq ssse3 fma cx16 pcid sse4_1 sse4_2 x2apic movbe popcnt aes xsave avx f16c rdrand hypervisor lahf_lm ida arat xsaveopt pln pts dtherm fsgsbase smep
bogomips	: 8002.00
clflush size	: 64
cache_alignment	: 64
address sizes	: 40 bits physical, 48 bits virtual
power management:

processor	: 5
vendor_id	: GenuineIntel
cpu family	: 6
model		: 60
model name	: Intel(R) Core(TM) i7-4770K CPU @ 3.50GHz
stepping	: 3
microcode	: 0x16
cpu MHz		: 4001.000
cache size	: 8192 KB
fpu		: yes
fpu_exception	: yes
cpuid level	: 13
wp		: yes
flags		: fpu vme de pse tsc msr pae mce cx8 apic sep mtrr pge mca cmov pat pse36 clflush dts mmx fxsr sse sse2 ss syscall nx pdpe1gb rdtscp lm constant_tsc arch_perfmon pebs bts nopl xtopology tsc_reliable nonstop_tsc aperfmperf eagerfpu pni pclmulqdq ssse3 fma cx16 pcid sse4_1 sse4_2 x2apic movbe popcnt aes xsave avx f16c rdrand hypervisor lahf_lm ida arat xsaveopt pln pts dtherm fsgsbase smep
bogomips	: 8002.00
clflush size	: 64
cache_alignment	: 64
address sizes	: 40 bits physical, 48 bits virtual
power management:

processor	: 6
vendor_id	: GenuineIntel
cpu family	: 6
model		: 60
model name	: Intel(R) Core(TM) i7-4770K CPU @ 3.50GHz
stepping	: 3
microcode	: 0x16
cpu MHz		: 4001.000
cache size	: 8192 KB
fpu		: yes
fpu_exception	: yes
cpuid level	: 13
wp		: yes
flags		: fpu vme de pse tsc msr pae mce cx8 apic sep mtrr pge mca cmov pat pse36 clflush dts mmx fxsr sse sse2 ss syscall nx pdpe1gb rdtscp lm constant_tsc arch_perfmon pebs bts nopl xtopology tsc_reliable nonstop_tsc aperfmperf eagerfpu pni pclmulqdq ssse3 fma cx16 pcid sse4_1 sse4_2 x2apic movbe popcnt aes xsave avx f16c rdrand hypervisor lahf_lm ida arat xsaveopt pln pts dtherm fsgsbase smep
bogomips	: 8002.00
clflush size	: 64
cache_alignment	: 64
address sizes	: 40 bits physical, 48 bits virtual
power management:

processor	: 7
vendor_id	: GenuineIntel
cpu family	: 6
model		: 60
model name	: Intel(R) Core(TM) i7-4770K CPU @ 3.50GHz
stepping	: 3
microcode	: 0x16
cpu MHz		: 4001.000
cache size	: 8192 KB
fpu		: yes
fpu_exception	: yes
cpuid level	: 13
wp		: yes
flags		: fpu vme de pse tsc msr pae mce cx8 apic sep mtrr pge mca cmov pat pse36 clflush dts mmx fxsr sse sse2 ss syscall nx pdpe1gb rdtscp lm constant_tsc arch_perfmon pebs bts nopl xtopology tsc_reliable nonstop_tsc aperfmperf eagerfpu pni pclmulqdq ssse3 fma cx16 pcid sse4_1 sse4_2 x2apic movbe popcnt aes xsave avx f16c rdrand hypervisor lahf_lm ida arat xsaveopt pln pts dtherm fsgsbase smep
bogomips	: 8002.00
clflush size	: 64
cache_alignment	: 64
address sizes	: 40 bits physical, 48 bits virtual
power management:



Memory: 4k page, physical 5960424k(3922900k free), swap 4191228k(4191228k free)

vm_info: Java HotSpot(TM) 64-Bit Server VM (24.45-b08) for linux-amd64 JRE (1.7.0_45-b18), built on Oct  8 2013 05:44:25 by "java_re" with gcc 4.3.0 20080428 (Red Hat 4.3.0-8)

time: Tue Mar 11 22:47:42 2014
elapsed time: 0 seconds

