#
# A fatal error has been detected by the Java Runtime Environment:
#
#  SIGSEGV (0xb) at pc=0x00007f9959d61298, pid=3604, tid=140297443419904
#
# JRE version: Java(TM) SE Runtime Environment (7.0_45-b18) (build 1.7.0_45-b18)
# Java VM: Java HotSpot(TM) 64-Bit Server VM (24.45-b08 mixed mode linux-amd64 compressed oops)
# Problematic frame:
# C  [libtesseract.so.3.0.2+0x296298]  ERRCODE::error(char const*, TessErrorLogCode, char const*, ...) const+0x1c8
#
# Failed to write core dump. Core dumps have been disabled. To enable core dumping, try "ulimit -c unlimited" before starting Java again
#
# If you would like to submit a bug report, please visit:
#   http://bugreport.sun.com/bugreport/crash.jsp
# The crash happened outside the Java Virtual Machine in native code.
# See problematic frame for where to report the bug.
#

---------------  T H R E A D  ---------------

Current thread (0x00007f998400a800):  JavaThread "main" [_thread_in_native, id=3607, stack(0x00007f998b372000,0x00007f998b473000)]

siginfo:si_signo=SIGSEGV: si_errno=0, si_code=1 (SEGV_MAPERR), si_addr=0x0000000000000000

Registers:
RAX=0x0000000000000001, RBX=0x00007f998b46f100, RCX=0xffffffffffffffff, RDX=0x0000000000000001
RSP=0x00007f998b46f0e0, RBP=0x0000000000000002, RSI=0x00007f998ac2d9e0, RDI=0x00000000ffffffff
R8 =0x00007f998ac2d9e0, R9 =0x00007f998a8b8134, R10=0x0000000000000000, R11=0x0000000000000000
R12=0x00007f998b46f143, R13=0x00007f9959d8e8d2, R14=0x00007f998b46f5f0, R15=0x0000000000000000
RIP=0x00007f9959d61298, EFLAGS=0x0000000000010246, CSGSFS=0x0000000000000033, ERR=0x0000000000000004
  TRAPNO=0x000000000000000e

Top of Stack: (sp=0x00007f998b46f0e0)
0x00007f998b46f0e0:   0000000000000000 0000003000000028
0x00007f998b46f0f0:   00007f998b46f5f0 00007f998b46f510
0x00007f998b46f100:   745f6c616e676973 6974616e696d7265
0x00007f998b46f110:   6c646e61685f6e6f 726f7272453a7265
0x00007f998b46f120:   5f6c616e6769533a 74616e696d726574
0x00007f998b46f130:   646e61685f6e6f69 6c6c61632072656c
0x00007f998b46f140:   2065646f433a6465 ffff000a32303035
0x00007f998b46f150:   00007f998b46f3c0 0000000000000040
0x00007f998b46f160:   00007f998b46f5e0 0000000000000006
0x00007f998b46f170:   00007f9959d85f22 000000000000000a
0x00007f998b46f180:   00007f99842d67d0 00007f998a8bea42
0x00007f998b46f190:   0000000000003538 0000000000000000
0x00007f998b46f1a0:   0000000000000000 0000000000000000
0x00007f998b46f1b0:   0000000400000005 00007f998b2741a9
0x00007f998b46f1c0:   0000000000000000 0000000000000000
0x00007f998b46f1d0:   0000000000000041 00007f998a8be7e3
0x00007f998b46f1e0:   00007f9900000001 0000000000000000
0x00007f998b46f1f0:   0000000500000000 00007f998b46f240
0x00007f998b46f200:   00007f99842fb344 00007f9959d8b96f
0x00007f998b46f210:   0000000000000000 00007f998b27367c
0x00007f998b46f220:   0000000000000000 0000000000000001
0x00007f998b46f230:   00007f998b46f3d0 0000000000000014
0x00007f998b46f240:   000000007dd7aaaa 00007f998b273e80
0x00007f998b46f250:   0000000000000000 000000000000002a
0x00007f998b46f260:   0000000001f75eaa 00007f998b04df00
0x00007f998b46f270:   00007f998b04de78 00007f995b3d18f0
0x00007f998b46f280:   00007f998b04df00 0000000000000000
0x00007f998b46f290:   0000000000000000 00007f998b04faa8
0x00007f998b46f2a0:   0000000000000001 0000000000000000
0x00007f998b46f2b0:   0000000000000000 00007f998420e3f8
0x00007f998b46f2c0:   00007f998b48b6d8 00007f9959b371d4
0x00007f998b46f2d0:   00007f998b04fdd8 00007f9959ad6220 

Instructions: (pc=0x00007f9959d61298)
0x00007f9959d61278:   24 f0 04 00 00 4c 8b ac 24 f8 04 00 00 4c 8b b4
0x00007f9959d61288:   24 00 05 00 00 48 81 c4 08 05 00 00 c3 0f 1f 00
0x00007f9959d61298:   8b 04 25 00 00 00 00 85 c0 75 93 e8 78 10 e0 ff
0x00007f9959d612a8:   0f 1f 84 00 00 00 00 00 66 41 c7 04 24 0a 00 e9 

Register to memory mapping:

RAX=0x0000000000000001 is an unknown value
RBX=0x00007f998b46f100 is pointing into the stack for thread: 0x00007f998400a800
RCX=0xffffffffffffffff is an unknown value
RDX=0x0000000000000001 is an unknown value
RSP=0x00007f998b46f0e0 is pointing into the stack for thread: 0x00007f998400a800
RBP=0x0000000000000002 is an unknown value
RSI=0x00007f998ac2d9e0: <offset 0x3c39e0> in /lib/x86_64-linux-gnu/libc.so.6 at 0x00007f998a86a000
RDI=0x00000000ffffffff is an unallocated location in the heap
R8 =0x00007f998ac2d9e0: <offset 0x3c39e0> in /lib/x86_64-linux-gnu/libc.so.6 at 0x00007f998a86a000
R9 =0x00007f998a8b8134: _IO_vfprintf+0x49b4 in /lib/x86_64-linux-gnu/libc.so.6 at 0x00007f998a86a000
R10=0x0000000000000000 is an unknown value
R11=0x0000000000000000 is an unknown value
R12=0x00007f998b46f143 is pointing into the stack for thread: 0x00007f998400a800
R13=0x00007f9959d8e8d2: <offset 0x2c38d2> in /usr/lib/libtesseract.so.3.0.2 at 0x00007f9959acb000
R14=0x00007f998b46f5f0 is pointing into the stack for thread: 0x00007f998400a800
R15=0x0000000000000000 is an unknown value


Stack: [0x00007f998b372000,0x00007f998b473000],  sp=0x00007f998b46f0e0,  free space=1012k
Native frames: (J=compiled Java code, j=interpreted, Vv=VM code, C=native code)
C  [libtesseract.so.3.0.2+0x296298]  ERRCODE::error(char const*, TessErrorLogCode, char const*, ...) const+0x1c8

Java frames: (J=compiled Java code, j=interpreted, Vv=VM code)
j  com.sun.jna.Native.invokeInt(JI[Ljava/lang/Object;)I+0
j  com.sun.jna.Function.invoke([Ljava/lang/Object;Ljava/lang/Class;Z)Ljava/lang/Object;+225
j  com.sun.jna.Function.invoke(Ljava/lang/Class;[Ljava/lang/Object;Ljava/util/Map;)Ljava/lang/Object;+262
j  com.sun.jna.Library$Handler.invoke(Ljava/lang/Object;Ljava/lang/reflect/Method;[Ljava/lang/Object;)Ljava/lang/Object;+316
j  com.sun.proxy.$Proxy8.TessBaseAPIInit3(Lnet/sourceforge/tess4j/TessAPI$TessBaseAPI;Ljava/lang/String;Ljava/lang/String;)I+24
j  net.sourceforge.tess4j.TessAPITest.testTessBaseAPIGetLoadedLanguagesAsVector()V+24
v  ~StubRoutines::call_stub
j  sun.reflect.NativeMethodAccessorImpl.invoke0(Ljava/lang/reflect/Method;Ljava/lang/Object;[Ljava/lang/Object;)Ljava/lang/Object;+0
j  sun.reflect.NativeMethodAccessorImpl.invoke(Ljava/lang/Object;[Ljava/lang/Object;)Ljava/lang/Object;+87
j  sun.reflect.DelegatingMethodAccessorImpl.invoke(Ljava/lang/Object;[Ljava/lang/Object;)Ljava/lang/Object;+6
j  java.lang.reflect.Method.invoke(Ljava/lang/Object;[Ljava/lang/Object;)Ljava/lang/Object;+57
j  org.junit.runners.model.FrameworkMethod$1.runReflectiveCall()Ljava/lang/Object;+15
j  org.junit.internal.runners.model.ReflectiveCallable.run()Ljava/lang/Object;+1
j  org.junit.runners.model.FrameworkMethod.invokeExplosively(Ljava/lang/Object;[Ljava/lang/Object;)Ljava/lang/Object;+10
j  org.junit.internal.runners.statements.InvokeMethod.evaluate()V+12
j  org.junit.internal.runners.statements.RunBefores.evaluate()V+49
j  org.junit.internal.runners.statements.RunAfters.evaluate()V+12
j  org.junit.runners.ParentRunner.runLeaf(Lorg/junit/runners/model/Statement;Lorg/junit/runner/Description;Lorg/junit/runner/notification/RunNotifier;)V+17
j  org.junit.runners.BlockJUnit4ClassRunner.runChild(Lorg/junit/runners/model/FrameworkMethod;Lorg/junit/runner/notification/RunNotifier;)V+32
j  org.junit.runners.BlockJUnit4ClassRunner.runChild(Ljava/lang/Object;Lorg/junit/runner/notification/RunNotifier;)V+6
j  org.junit.runners.ParentRunner$3.run()V+12
j  org.junit.runners.ParentRunner$1.schedule(Ljava/lang/Runnable;)V+1
j  org.junit.runners.ParentRunner.runChildren(Lorg/junit/runner/notification/RunNotifier;)V+40
j  org.junit.runners.ParentRunner.access$000(Lorg/junit/runners/ParentRunner;Lorg/junit/runner/notification/RunNotifier;)V+2
j  org.junit.runners.ParentRunner$2.evaluate()V+8
j  org.junit.internal.runners.statements.RunBefores.evaluate()V+49
j  org.junit.internal.runners.statements.RunAfters.evaluate()V+12
j  org.junit.runners.ParentRunner.run(Lorg/junit/runner/notification/RunNotifier;)V+20
j  junit.framework.JUnit4TestAdapter.run(Ljunit/framework/TestResult;)V+13
j  org.apache.tools.ant.taskdefs.optional.junit.JUnitTestRunner.run()V+676
j  org.apache.tools.ant.taskdefs.optional.junit.JUnitTestRunner.launch(Lorg/apache/tools/ant/taskdefs/optional/junit/JUnitTest;[Ljava/lang/String;ZZZZZZ)I+41
j  org.apache.tools.ant.taskdefs.optional.junit.JUnitTestRunner.main([Ljava/lang/String;)V+918
v  ~StubRoutines::call_stub

---------------  P R O C E S S  ---------------

Java Threads: ( => current thread )
  0x00007f998409f800 JavaThread "Service Thread" daemon [_thread_blocked, id=3622, stack(0x00007f995a7bc000,0x00007f995a8bd000)]
  0x00007f998409d800 JavaThread "C2 CompilerThread1" daemon [_thread_blocked, id=3621, stack(0x00007f995a8bd000,0x00007f995a9be000)]
  0x00007f998409a800 JavaThread "C2 CompilerThread0" daemon [_thread_blocked, id=3620, stack(0x00007f995a9be000,0x00007f995aabf000)]
  0x00007f9984090000 JavaThread "Signal Dispatcher" daemon [_thread_blocked, id=3619, stack(0x00007f995aabf000,0x00007f995abc0000)]
  0x00007f9984079000 JavaThread "Finalizer" daemon [_thread_blocked, id=3618, stack(0x00007f995b3d3000,0x00007f995b4d4000)]
  0x00007f9984075000 JavaThread "Reference Handler" daemon [_thread_blocked, id=3617, stack(0x00007f995b4d4000,0x00007f995b5d5000)]
=>0x00007f998400a800 JavaThread "main" [_thread_in_native, id=3607, stack(0x00007f998b372000,0x00007f998b473000)]

Other Threads:
  0x00007f9984072800 VMThread [stack: 0x00007f995b5d5000,0x00007f995b6d6000] [id=3616]
  0x00007f99840aa000 WatcherThread [stack: 0x00007f995a6bb000,0x00007f995a7bc000] [id=3623]

VM state:not at safepoint (normal execution)

VM Mutex/Monitor currently owned by a thread: None

Heap
 PSYoungGen      total 27648K, used 8229K [0x00000000e1a80000, 0x00000000e3900000, 0x0000000100000000)
  eden space 24064K, 34% used [0x00000000e1a80000,0x00000000e22897a8,0x00000000e3200000)
  from space 3584K, 0% used [0x00000000e3580000,0x00000000e3580000,0x00000000e3900000)
  to   space 3584K, 0% used [0x00000000e3200000,0x00000000e3200000,0x00000000e3580000)
 ParOldGen       total 61952K, used 0K [0x00000000a5000000, 0x00000000a8c80000, 0x00000000e1a80000)
  object space 61952K, 0% used [0x00000000a5000000,0x00000000a5000000,0x00000000a8c80000)
 PSPermGen       total 21504K, used 6742K [0x000000009fe00000, 0x00000000a1300000, 0x00000000a5000000)
  object space 21504K, 31% used [0x000000009fe00000,0x00000000a0495ac8,0x00000000a1300000)

Card table byte_map: [0x00007f9988366000,0x00007f9988668000] byte_map_base: 0x00007f9987e67000

Polling page: 0x00007f998b489000

Code Cache  [0x00007f9981000000, 0x00007f9981270000, 0x00007f9984000000)
 total_blobs=311 nmethods=35 adapters=229 free_code_cache=48653Kb largest_free_block=49800320

Compilation events (10 events):
Event: 0,205 Thread 0x00007f998409d800 nmethod 30 0x00007f998107a350 code [0x00007f998107a4a0, 0x00007f998107a5c8]
Event: 0,205 Thread 0x00007f998409d800   32             java.util.HashMap::getEntry (86 bytes)
Event: 0,206 Thread 0x00007f998409a800 nmethod 31 0x00007f998107bf90 code [0x00007f998107c0e0, 0x00007f998107c4a8]
Event: 0,206 Thread 0x00007f998409a800   33             java.lang.String::<init> (67 bytes)
Event: 0,206 Thread 0x00007f998409d800 nmethod 32 0x00007f9981079650 code [0x00007f99810797c0, 0x00007f99810799c8]
Event: 0,206 Thread 0x00007f998409d800   34             java.io.DataOutputStream::incCount (20 bytes)
Event: 0,206 Thread 0x00007f998409d800 nmethod 34 0x00007f998107bd90 code [0x00007f998107bec0, 0x00007f998107bf18]
Event: 0,207 Thread 0x00007f998409d800   35             java.util.HashMap::get (29 bytes)
Event: 0,208 Thread 0x00007f998409a800 nmethod 33 0x00007f998107b810 code [0x00007f998107b960, 0x00007f998107bbd8]
Event: 0,210 Thread 0x00007f998409d800 nmethod 35 0x00007f998107b250 code [0x00007f998107b3c0, 0x00007f998107b5c8]

GC Heap History (0 events):
No events

Deoptimization events (8 events):
Event: 0,136 Thread 0x00007f998400a800 Uncommon trap: reason=class_check action=maybe_recompile pc=0x00007f9981067604 method=java.util.Properties$LineReader.readLine()I @ 62
Event: 0,136 Thread 0x00007f998400a800 Uncommon trap: reason=class_check action=maybe_recompile pc=0x00007f9981067604 method=java.util.Properties$LineReader.readLine()I @ 62
Event: 0,137 Thread 0x00007f998400a800 Uncommon trap: reason=class_check action=maybe_recompile pc=0x00007f9981067604 method=java.util.Properties$LineReader.readLine()I @ 62
Event: 0,137 Thread 0x00007f998400a800 Uncommon trap: reason=class_check action=maybe_recompile pc=0x00007f9981067604 method=java.util.Properties$LineReader.readLine()I @ 62
Event: 0,200 Thread 0x00007f998400a800 Uncommon trap: reason=class_check action=maybe_recompile pc=0x00007f998106918c method=java.lang.String.equals(Ljava/lang/Object;)Z @ 8
Event: 0,200 Thread 0x00007f998400a800 Uncommon trap: reason=class_check action=maybe_recompile pc=0x00007f998106918c method=java.lang.String.equals(Ljava/lang/Object;)Z @ 8
Event: 0,200 Thread 0x00007f998400a800 Uncommon trap: reason=class_check action=maybe_recompile pc=0x00007f998106918c method=java.lang.String.equals(Ljava/lang/Object;)Z @ 8
Event: 0,200 Thread 0x00007f998400a800 Uncommon trap: reason=class_check action=maybe_recompile pc=0x00007f998106918c method=java.lang.String.equals(Ljava/lang/Object;)Z @ 8

Internal exceptions (10 events):
Event: 0,230 Thread 0x00007f998400a800 Threw 0x00000000e2200b70 at /HUDSON/workspace/7u-2-build-linux-amd64/jdk7u45/229/hotspot/src/share/vm/prims/jvm.cpp:1244
Event: 0,230 Thread 0x00007f998400a800 Threw 0x00000000e2204618 at /HUDSON/workspace/7u-2-build-linux-amd64/jdk7u45/229/hotspot/src/share/vm/prims/jvm.cpp:1244
Event: 0,231 Thread 0x00007f998400a800 Threw 0x00000000e2208ab0 at /HUDSON/workspace/7u-2-build-linux-amd64/jdk7u45/229/hotspot/src/share/vm/prims/jvm.cpp:1244
Event: 0,231 Thread 0x00007f998400a800 Threw 0x00000000e220b6e0 at /HUDSON/workspace/7u-2-build-linux-amd64/jdk7u45/229/hotspot/src/share/vm/prims/jvm.cpp:1244
Event: 0,231 Thread 0x00007f998400a800 Threw 0x00000000e220da08 at /HUDSON/workspace/7u-2-build-linux-amd64/jdk7u45/229/hotspot/src/share/vm/prims/jvm.cpp:1244
Event: 0,232 Thread 0x00007f998400a800 Threw 0x00000000e22123b8 at /HUDSON/workspace/7u-2-build-linux-amd64/jdk7u45/229/hotspot/src/share/vm/prims/jvm.cpp:1244
Event: 0,232 Thread 0x00007f998400a800 Threw 0x00000000e2215e68 at /HUDSON/workspace/7u-2-build-linux-amd64/jdk7u45/229/hotspot/src/share/vm/prims/jvm.cpp:1244
Event: 0,233 Thread 0x00007f998400a800 Threw 0x00000000e221f0a8 at /HUDSON/workspace/7u-2-build-linux-amd64/jdk7u45/229/hotspot/src/share/vm/prims/jvm.cpp:1244
Event: 0,233 Thread 0x00007f998400a800 Threw 0x00000000e22237d8 at /HUDSON/workspace/7u-2-build-linux-amd64/jdk7u45/229/hotspot/src/share/vm/prims/jvm.cpp:1244
Event: 0,234 Thread 0x00007f998400a800 Threw 0x00000000e2225bd8 at /HUDSON/workspace/7u-2-build-linux-amd64/jdk7u45/229/hotspot/src/share/vm/prims/jvm.cpp:1244

Events (10 events):
Event: 0,232 loading class 0x00007f99842d82c0
Event: 0,232 loading class 0x00007f99842d82c0 done
Event: 0,232 loading class 0x00007f998416e960
Event: 0,232 loading class 0x00007f998416e960 done
Event: 0,233 loading class 0x00007f99841ff070
Event: 0,233 loading class 0x00007f99841ff070 done
Event: 0,233 loading class 0x00007f99842003a0
Event: 0,233 loading class 0x00007f99842003a0 done
Event: 0,234 loading class 0x00007f99841fffa0
Event: 0,234 loading class 0x00007f99841fffa0 done


Dynamic libraries:
00400000-00401000 r-xp 00000000 08:01 282671                             /usr/lib/jvm/java-7-oracle/jre/bin/java
00600000-00601000 rw-p 00000000 08:01 282671                             /usr/lib/jvm/java-7-oracle/jre/bin/java
00a12000-00a33000 rw-p 00000000 00:00 0                                  [heap]
9fe00000-a1300000 rw-p 00000000 00:00 0 
a1300000-a5000000 rw-p 00000000 00:00 0 
a5000000-a8c80000 rw-p 00000000 00:00 0 
a8c80000-e1a80000 rw-p 00000000 00:00 0 
e1a80000-e3900000 rw-p 00000000 00:00 0 
e3900000-100000000 rw-p 00000000 00:00 0 
7f9934000000-7f9934021000 rw-p 00000000 00:00 0 
7f9934021000-7f9938000000 ---p 00000000 00:00 0 
7f993c000000-7f993c172000 rw-p 00000000 00:00 0 
7f993c172000-7f9940000000 ---p 00000000 00:00 0 
7f9940000000-7f9940021000 rw-p 00000000 00:00 0 
7f9940021000-7f9944000000 ---p 00000000 00:00 0 
7f9944000000-7f9944021000 rw-p 00000000 00:00 0 
7f9944021000-7f9948000000 ---p 00000000 00:00 0 
7f9948000000-7f99481cc000 rw-p 00000000 00:00 0 
7f99481cc000-7f994c000000 ---p 00000000 00:00 0 
7f994c000000-7f994c021000 rw-p 00000000 00:00 0 
7f994c021000-7f9950000000 ---p 00000000 00:00 0 
7f9950000000-7f9950021000 rw-p 00000000 00:00 0 
7f9950021000-7f9954000000 ---p 00000000 00:00 0 
7f9954000000-7f9954021000 rw-p 00000000 00:00 0 
7f9954021000-7f9958000000 ---p 00000000 00:00 0 
7f9958054000-7f995805f000 r-xp 00000000 08:01 1449017                    /usr/lib/x86_64-linux-gnu/libjbig.so.0.0.0
7f995805f000-7f995825e000 ---p 0000b000 08:01 1449017                    /usr/lib/x86_64-linux-gnu/libjbig.so.0.0.0
7f995825e000-7f995825f000 r--p 0000a000 08:01 1449017                    /usr/lib/x86_64-linux-gnu/libjbig.so.0.0.0
7f995825f000-7f9958262000 rw-p 0000b000 08:01 1449017                    /usr/lib/x86_64-linux-gnu/libjbig.so.0.0.0
7f9958262000-7f9958283000 r-xp 00000000 08:01 1183912                    /lib/x86_64-linux-gnu/liblzma.so.5.0.0
7f9958283000-7f9958482000 ---p 00021000 08:01 1183912                    /lib/x86_64-linux-gnu/liblzma.so.5.0.0
7f9958482000-7f9958483000 r--p 00020000 08:01 1183912                    /lib/x86_64-linux-gnu/liblzma.so.5.0.0
7f9958483000-7f9958484000 rw-p 00021000 08:01 1183912                    /lib/x86_64-linux-gnu/liblzma.so.5.0.0
7f9958484000-7f99584cd000 r-xp 00000000 08:01 1469944                    /usr/lib/x86_64-linux-gnu/libwebp.so.4.0.2
7f99584cd000-7f99586cd000 ---p 00049000 08:01 1469944                    /usr/lib/x86_64-linux-gnu/libwebp.so.4.0.2
7f99586cd000-7f99586ce000 r--p 00049000 08:01 1469944                    /usr/lib/x86_64-linux-gnu/libwebp.so.4.0.2
7f99586ce000-7f99586cf000 rw-p 0004a000 08:01 1469944                    /usr/lib/x86_64-linux-gnu/libwebp.so.4.0.2
7f99586cf000-7f99586d2000 rw-p 00000000 00:00 0 
7f99586d2000-7f9958740000 r-xp 00000000 08:01 1449307                    /usr/lib/x86_64-linux-gnu/libtiff.so.5.1.0
7f9958740000-7f9958940000 ---p 0006e000 08:01 1449307                    /usr/lib/x86_64-linux-gnu/libtiff.so.5.1.0
7f9958940000-7f9958941000 r--p 0006e000 08:01 1449307                    /usr/lib/x86_64-linux-gnu/libtiff.so.5.1.0
7f9958941000-7f9958944000 rw-p 0006f000 08:01 1449307                    /usr/lib/x86_64-linux-gnu/libtiff.so.5.1.0
7f9958944000-7f995894c000 r-xp 00000000 08:01 1469930                    /usr/lib/x86_64-linux-gnu/libgif.so.4.1.6
7f995894c000-7f9958b4b000 ---p 00008000 08:01 1469930                    /usr/lib/x86_64-linux-gnu/libgif.so.4.1.6
7f9958b4b000-7f9958b4c000 r--p 00007000 08:01 1469930                    /usr/lib/x86_64-linux-gnu/libgif.so.4.1.6
7f9958b4c000-7f9958b4d000 rw-p 00008000 08:01 1469930                    /usr/lib/x86_64-linux-gnu/libgif.so.4.1.6
7f9958b4d000-7f9958b90000 r-xp 00000000 08:01 1449019                    /usr/lib/x86_64-linux-gnu/libjpeg.so.8.0.2
7f9958b90000-7f9958d90000 ---p 00043000 08:01 1449019                    /usr/lib/x86_64-linux-gnu/libjpeg.so.8.0.2
7f9958d90000-7f9958d91000 r--p 00043000 08:01 1449019                    /usr/lib/x86_64-linux-gnu/libjpeg.so.8.0.2
7f9958d91000-7f9958d92000 rw-p 00044000 08:01 1449019                    /usr/lib/x86_64-linux-gnu/libjpeg.so.8.0.2
7f9958d92000-7f9958da2000 rw-p 00000000 00:00 0 
7f9958da2000-7f9958dc7000 r-xp 00000000 08:01 1183974                    /lib/x86_64-linux-gnu/libpng12.so.0.49.0
7f9958dc7000-7f9958fc6000 ---p 00025000 08:01 1183974                    /lib/x86_64-linux-gnu/libpng12.so.0.49.0
7f9958fc6000-7f9958fc7000 r--p 00024000 08:01 1183974                    /lib/x86_64-linux-gnu/libpng12.so.0.49.0
7f9958fc7000-7f9958fc8000 rw-p 00025000 08:01 1183974                    /lib/x86_64-linux-gnu/libpng12.so.0.49.0
7f9958fc8000-7f9958fe0000 r-xp 00000000 08:01 1184022                    /lib/x86_64-linux-gnu/libz.so.1.2.8
7f9958fe0000-7f99591df000 ---p 00018000 08:01 1184022                    /lib/x86_64-linux-gnu/libz.so.1.2.8
7f99591df000-7f99591e0000 r--p 00017000 08:01 1184022                    /lib/x86_64-linux-gnu/libz.so.1.2.8
7f99591e0000-7f99591e1000 rw-p 00018000 08:01 1184022                    /lib/x86_64-linux-gnu/libz.so.1.2.8
7f99591e1000-7f99591f6000 r-xp 00000000 08:01 1183889                    /lib/x86_64-linux-gnu/libgcc_s.so.1
7f99591f6000-7f99593f5000 ---p 00015000 08:01 1183889                    /lib/x86_64-linux-gnu/libgcc_s.so.1
7f99593f5000-7f99593f6000 r--p 00014000 08:01 1183889                    /lib/x86_64-linux-gnu/libgcc_s.so.1
7f99593f6000-7f99593f7000 rw-p 00015000 08:01 1183889                    /lib/x86_64-linux-gnu/libgcc_s.so.1
7f99593f7000-7f99594dd000 r-xp 00000000 08:01 1449276                    /usr/lib/x86_64-linux-gnu/libstdc++.so.6.0.18
7f99594dd000-7f99596dc000 ---p 000e6000 08:01 1449276                    /usr/lib/x86_64-linux-gnu/libstdc++.so.6.0.18
7f99596dc000-7f99596e4000 r--p 000e5000 08:01 1449276                    /usr/lib/x86_64-linux-gnu/libstdc++.so.6.0.18
7f99596e4000-7f99596e6000 rw-p 000ed000 08:01 1449276                    /usr/lib/x86_64-linux-gnu/libstdc++.so.6.0.18
7f99596e6000-7f99596fb000 rw-p 00000000 00:00 0 
7f99596fb000-7f99598ae000 r-xp 00000000 08:01 1324551                    /usr/lib/liblept.so.3.0.0
7f99598ae000-7f9959aae000 ---p 001b3000 08:01 1324551                    /usr/lib/liblept.so.3.0.0
7f9959aae000-7f9959aaf000 r--p 001b3000 08:01 1324551                    /usr/lib/liblept.so.3.0.0
7f9959aaf000-7f9959ab7000 rw-p 001b4000 08:01 1324551                    /usr/lib/liblept.so.3.0.0
7f9959ab7000-7f9959ab8000 rw-p 00000000 00:00 0 
7f9959acb000-7f9959ddb000 r-xp 00000000 08:01 1324632                    /usr/lib/libtesseract.so.3.0.2
7f9959ddb000-7f9959fdb000 ---p 00310000 08:01 1324632                    /usr/lib/libtesseract.so.3.0.2
7f9959fdb000-7f9959fe2000 r--p 00310000 08:01 1324632                    /usr/lib/libtesseract.so.3.0.2
7f9959fe2000-7f9959fe9000 rw-p 00317000 08:01 1324632                    /usr/lib/libtesseract.so.3.0.2
7f9959fe9000-7f995a0f7000 rw-p 00000000 00:00 0 
7f995a0f7000-7f995a0fe000 r--s 00000000 08:01 1577107                    /usr/lib/x86_64-linux-gnu/gconv/gconv-modules.cache
7f995a0fe000-7f995a122000 r--p 00000000 08:01 148914                     /usr/share/locale-langpack/pl/LC_MESSAGES/libc.mo
7f995a122000-7f995a139000 r-xp 00000000 08:01 538851                     /tmp/jna--1074367764/jna1855531205104920679.tmp (deleted)
7f995a139000-7f995a238000 ---p 00017000 08:01 538851                     /tmp/jna--1074367764/jna1855531205104920679.tmp (deleted)
7f995a238000-7f995a23a000 rw-p 00016000 08:01 538851                     /tmp/jna--1074367764/jna1855531205104920679.tmp (deleted)
7f995a23a000-7f995a26b000 rw-p 00000000 00:00 0 
7f995a26b000-7f995a281000 r-xp 00000000 08:01 282917                     /usr/lib/jvm/java-7-oracle/jre/lib/amd64/libnet.so
7f995a281000-7f995a481000 ---p 00016000 08:01 282917                     /usr/lib/jvm/java-7-oracle/jre/lib/amd64/libnet.so
7f995a481000-7f995a482000 rw-p 00016000 08:01 282917                     /usr/lib/jvm/java-7-oracle/jre/lib/amd64/libnet.so
7f995a482000-7f995a492000 r-xp 00000000 08:01 282923                     /usr/lib/jvm/java-7-oracle/jre/lib/amd64/libnio.so
7f995a492000-7f995a692000 ---p 00010000 08:01 282923                     /usr/lib/jvm/java-7-oracle/jre/lib/amd64/libnio.so
7f995a692000-7f995a693000 rw-p 00010000 08:01 282923                     /usr/lib/jvm/java-7-oracle/jre/lib/amd64/libnio.so
7f995a693000-7f995a69d000 r--s 00250000 08:01 283463                     /usr/lib/jvm/java-7-oracle/jre/lib/resources.jar
7f995a69d000-7f995a6bb000 r--s 001c3000 08:01 1056007                    /home/michal/netbeans-7.4/extide/ant/lib/ant.jar
7f995a6bb000-7f995a6bc000 ---p 00000000 00:00 0 
7f995a6bc000-7f995a7bc000 rw-p 00000000 00:00 0                          [stack:3623]
7f995a7bc000-7f995a7bf000 ---p 00000000 00:00 0 
7f995a7bf000-7f995a8bd000 rw-p 00000000 00:00 0                          [stack:3622]
7f995a8bd000-7f995a8c0000 ---p 00000000 00:00 0 
7f995a8c0000-7f995a9be000 rw-p 00000000 00:00 0                          [stack:3621]
7f995a9be000-7f995a9c1000 ---p 00000000 00:00 0 
7f995a9c1000-7f995aabf000 rw-p 00000000 00:00 0                          [stack:3620]
7f995aabf000-7f995aac2000 ---p 00000000 00:00 0 
7f995aac2000-7f995abc0000 rw-p 00000000 00:00 0                          [stack:3619]
7f995abc0000-7f995b3d3000 r--p 00000000 08:01 1316721                    /usr/lib/locale/locale-archive
7f995b3d3000-7f995b3d6000 ---p 00000000 00:00 0 
7f995b3d6000-7f995b4d4000 rw-p 00000000 00:00 0                          [stack:3618]
7f995b4d4000-7f995b4d7000 ---p 00000000 00:00 0 
7f995b4d7000-7f995b5d5000 rw-p 00000000 00:00 0                          [stack:3617]
7f995b5d5000-7f995b5d6000 ---p 00000000 00:00 0 
7f995b5d6000-7f995c000000 rw-p 00000000 00:00 0                          [stack:3616]
7f995c000000-7f995c021000 rw-p 00000000 00:00 0 
7f995c021000-7f9960000000 ---p 00000000 00:00 0 
7f9960000000-7f9960021000 rw-p 00000000 00:00 0 
7f9960021000-7f9964000000 ---p 00000000 00:00 0 
7f9964000000-7f9964021000 rw-p 00000000 00:00 0 
7f9964021000-7f9968000000 ---p 00000000 00:00 0 
7f9968000000-7f9968021000 rw-p 00000000 00:00 0 
7f9968021000-7f996c000000 ---p 00000000 00:00 0 
7f996c000000-7f996c021000 rw-p 00000000 00:00 0 
7f996c021000-7f9970000000 ---p 00000000 00:00 0 
7f9970000000-7f9970021000 rw-p 00000000 00:00 0 
7f9970021000-7f9974000000 ---p 00000000 00:00 0 
7f9974000000-7f9974021000 rw-p 00000000 00:00 0 
7f9974021000-7f9978000000 ---p 00000000 00:00 0 
7f9978000000-7f9978021000 rw-p 00000000 00:00 0 
7f9978021000-7f997c000000 ---p 00000000 00:00 0 
7f997c006000-7f997c017000 r--s 00106000 08:01 1191100                    /home/michal/jadebusem/schedule_reader/java/ScheduleReader/Tess4J/lib/jai_imageio.jar
7f997c017000-7f997d35b000 rw-p 00000000 00:00 0 
7f997d35b000-7f997d517000 r--s 039b2000 08:01 282684                     /usr/lib/jvm/java-7-oracle/jre/lib/rt.jar
7f997d517000-7f99808f9000 rw-p 00000000 00:00 0 
7f99808f9000-7f99808fa000 ---p 00000000 00:00 0 
7f99808fa000-7f99809fa000 rw-p 00000000 00:00 0                          [stack:3615]
7f99809fa000-7f99809fb000 ---p 00000000 00:00 0 
7f99809fb000-7f9980afb000 rw-p 00000000 00:00 0                          [stack:3614]
7f9980afb000-7f9980afc000 ---p 00000000 00:00 0 
7f9980afc000-7f9980bfc000 rw-p 00000000 00:00 0                          [stack:3613]
7f9980bfc000-7f9980bfd000 ---p 00000000 00:00 0 
7f9980bfd000-7f9980cfd000 rw-p 00000000 00:00 0                          [stack:3612]
7f9980cfd000-7f9980cfe000 ---p 00000000 00:00 0 
7f9980cfe000-7f9980dfe000 rw-p 00000000 00:00 0                          [stack:3611]
7f9980dfe000-7f9980dff000 ---p 00000000 00:00 0 
7f9980dff000-7f9980eff000 rw-p 00000000 00:00 0                          [stack:3610]
7f9980eff000-7f9980f00000 ---p 00000000 00:00 0 
7f9980f00000-7f9981000000 rw-p 00000000 00:00 0                          [stack:3609]
7f9981000000-7f9981270000 rwxp 00000000 00:00 0 
7f9981270000-7f9984664000 rw-p 00000000 00:00 0 
7f9984664000-7f9988000000 ---p 00000000 00:00 0 
7f9988002000-7f9988006000 r--s 0008a000 08:01 282745                     /usr/lib/jvm/java-7-oracle/jre/lib/jsse.jar
7f9988006000-7f998800d000 r--s 00037000 08:01 1191105                    /home/michal/jadebusem/schedule_reader/java/ScheduleReader/Tess4J/lib/junit-4.10.jar
7f998800d000-7f9988056000 rw-p 00000000 00:00 0 
7f9988056000-7f9988057000 ---p 00000000 00:00 0 
7f9988057000-7f9988162000 rw-p 00000000 00:00 0                          [stack:3608]
7f9988162000-7f9988180000 rw-p 00000000 00:00 0 
7f9988180000-7f998819f000 rw-p 00000000 00:00 0 
7f998819f000-7f9988366000 rw-p 00000000 00:00 0 
7f9988366000-7f9988371000 rw-p 00000000 00:00 0 
7f9988371000-7f998838f000 rw-p 00000000 00:00 0 
7f998838f000-7f99883ae000 rw-p 00000000 00:00 0 
7f99883ae000-7f9988574000 rw-p 00000000 00:00 0 
7f9988574000-7f9988584000 rw-p 00000000 00:00 0 
7f9988584000-7f9988667000 rw-p 00000000 00:00 0 
7f9988667000-7f9988668000 rw-p 00000000 00:00 0 
7f9988668000-7f9988682000 r-xp 00000000 08:01 282936                     /usr/lib/jvm/java-7-oracle/jre/lib/amd64/libzip.so
7f9988682000-7f9988882000 ---p 0001a000 08:01 282936                     /usr/lib/jvm/java-7-oracle/jre/lib/amd64/libzip.so
7f9988882000-7f9988883000 rw-p 0001a000 08:01 282936                     /usr/lib/jvm/java-7-oracle/jre/lib/amd64/libzip.so
7f9988883000-7f998888f000 r-xp 00000000 08:01 1183940                    /lib/x86_64-linux-gnu/libnss_files-2.17.so
7f998888f000-7f9988a8e000 ---p 0000c000 08:01 1183940                    /lib/x86_64-linux-gnu/libnss_files-2.17.so
7f9988a8e000-7f9988a8f000 r--p 0000b000 08:01 1183940                    /lib/x86_64-linux-gnu/libnss_files-2.17.so
7f9988a8f000-7f9988a90000 rw-p 0000c000 08:01 1183940                    /lib/x86_64-linux-gnu/libnss_files-2.17.so
7f9988a90000-7f9988a9b000 r-xp 00000000 08:01 1183944                    /lib/x86_64-linux-gnu/libnss_nis-2.17.so
7f9988a9b000-7f9988c9a000 ---p 0000b000 08:01 1183944                    /lib/x86_64-linux-gnu/libnss_nis-2.17.so
7f9988c9a000-7f9988c9b000 r--p 0000a000 08:01 1183944                    /lib/x86_64-linux-gnu/libnss_nis-2.17.so
7f9988c9b000-7f9988c9c000 rw-p 0000b000 08:01 1183944                    /lib/x86_64-linux-gnu/libnss_nis-2.17.so
7f9988c9c000-7f9988cb3000 r-xp 00000000 08:01 1183934                    /lib/x86_64-linux-gnu/libnsl-2.17.so
7f9988cb3000-7f9988eb2000 ---p 00017000 08:01 1183934                    /lib/x86_64-linux-gnu/libnsl-2.17.so
7f9988eb2000-7f9988eb3000 r--p 00016000 08:01 1183934                    /lib/x86_64-linux-gnu/libnsl-2.17.so
7f9988eb3000-7f9988eb4000 rw-p 00017000 08:01 1183934                    /lib/x86_64-linux-gnu/libnsl-2.17.so
7f9988eb4000-7f9988eb6000 rw-p 00000000 00:00 0 
7f9988eb6000-7f9988ebe000 r-xp 00000000 08:01 1183936                    /lib/x86_64-linux-gnu/libnss_compat-2.17.so
7f9988ebe000-7f99890bd000 ---p 00008000 08:01 1183936                    /lib/x86_64-linux-gnu/libnss_compat-2.17.so
7f99890bd000-7f99890be000 r--p 00007000 08:01 1183936                    /lib/x86_64-linux-gnu/libnss_compat-2.17.so
7f99890be000-7f99890bf000 rw-p 00008000 08:01 1183936                    /lib/x86_64-linux-gnu/libnss_compat-2.17.so
7f99890bf000-7f99890e8000 r-xp 00000000 08:01 282924                     /usr/lib/jvm/java-7-oracle/jre/lib/amd64/libjava.so
7f99890e8000-7f99892e8000 ---p 00029000 08:01 282924                     /usr/lib/jvm/java-7-oracle/jre/lib/amd64/libjava.so
7f99892e8000-7f99892ea000 rw-p 00029000 08:01 282924                     /usr/lib/jvm/java-7-oracle/jre/lib/amd64/libjava.so
7f99892ea000-7f99892f7000 r-xp 00000000 08:01 282919                     /usr/lib/jvm/java-7-oracle/jre/lib/amd64/libverify.so
7f99892f7000-7f99894f6000 ---p 0000d000 08:01 282919                     /usr/lib/jvm/java-7-oracle/jre/lib/amd64/libverify.so
7f99894f6000-7f99894f8000 rw-p 0000c000 08:01 282919                     /usr/lib/jvm/java-7-oracle/jre/lib/amd64/libverify.so
7f99894f8000-7f99894ff000 r-xp 00000000 08:01 1183987                    /lib/x86_64-linux-gnu/librt-2.17.so
7f99894ff000-7f99896fe000 ---p 00007000 08:01 1183987                    /lib/x86_64-linux-gnu/librt-2.17.so
7f99896fe000-7f99896ff000 r--p 00006000 08:01 1183987                    /lib/x86_64-linux-gnu/librt-2.17.so
7f99896ff000-7f9989700000 rw-p 00007000 08:01 1183987                    /lib/x86_64-linux-gnu/librt-2.17.so
7f9989700000-7f9989803000 r-xp 00000000 08:01 1183915                    /lib/x86_64-linux-gnu/libm-2.17.so
7f9989803000-7f9989a02000 ---p 00103000 08:01 1183915                    /lib/x86_64-linux-gnu/libm-2.17.so
7f9989a02000-7f9989a03000 r--p 00102000 08:01 1183915                    /lib/x86_64-linux-gnu/libm-2.17.so
7f9989a03000-7f9989a04000 rw-p 00103000 08:01 1183915                    /lib/x86_64-linux-gnu/libm-2.17.so
7f9989a04000-7f998a566000 r-xp 00000000 08:01 282906                     /usr/lib/jvm/java-7-oracle/jre/lib/amd64/server/libjvm.so
7f998a566000-7f998a766000 ---p 00b62000 08:01 282906                     /usr/lib/jvm/java-7-oracle/jre/lib/amd64/server/libjvm.so
7f998a766000-7f998a829000 rw-p 00b62000 08:01 282906                     /usr/lib/jvm/java-7-oracle/jre/lib/amd64/server/libjvm.so
7f998a829000-7f998a86a000 rw-p 00000000 00:00 0 
7f998a86a000-7f998aa27000 r-xp 00000000 08:01 1183864                    /lib/x86_64-linux-gnu/libc-2.17.so
7f998aa27000-7f998ac27000 ---p 001bd000 08:01 1183864                    /lib/x86_64-linux-gnu/libc-2.17.so
7f998ac27000-7f998ac2b000 r--p 001bd000 08:01 1183864                    /lib/x86_64-linux-gnu/libc-2.17.so
7f998ac2b000-7f998ac2d000 rw-p 001c1000 08:01 1183864                    /lib/x86_64-linux-gnu/libc-2.17.so
7f998ac2d000-7f998ac32000 rw-p 00000000 00:00 0 
7f998ac32000-7f998ac35000 r-xp 00000000 08:01 1183879                    /lib/x86_64-linux-gnu/libdl-2.17.so
7f998ac35000-7f998ae34000 ---p 00003000 08:01 1183879                    /lib/x86_64-linux-gnu/libdl-2.17.so
7f998ae34000-7f998ae35000 r--p 00002000 08:01 1183879                    /lib/x86_64-linux-gnu/libdl-2.17.so
7f998ae35000-7f998ae36000 rw-p 00003000 08:01 1183879                    /lib/x86_64-linux-gnu/libdl-2.17.so
7f998ae36000-7f998ae4c000 r-xp 00000000 08:01 282892                     /usr/lib/jvm/java-7-oracle/jre/lib/amd64/jli/libjli.so
7f998ae4c000-7f998b04c000 ---p 00016000 08:01 282892                     /usr/lib/jvm/java-7-oracle/jre/lib/amd64/jli/libjli.so
7f998b04c000-7f998b04d000 rw-p 00016000 08:01 282892                     /usr/lib/jvm/java-7-oracle/jre/lib/amd64/jli/libjli.so
7f998b04d000-7f998b064000 r-xp 00000000 08:01 1183979                    /lib/x86_64-linux-gnu/libpthread-2.17.so
7f998b064000-7f998b264000 ---p 00017000 08:01 1183979                    /lib/x86_64-linux-gnu/libpthread-2.17.so
7f998b264000-7f998b265000 r--p 00017000 08:01 1183979                    /lib/x86_64-linux-gnu/libpthread-2.17.so
7f998b265000-7f998b266000 rw-p 00018000 08:01 1183979                    /lib/x86_64-linux-gnu/libpthread-2.17.so
7f998b266000-7f998b26a000 rw-p 00000000 00:00 0 
7f998b26a000-7f998b28d000 r-xp 00000000 08:01 1183840                    /lib/x86_64-linux-gnu/ld-2.17.so
7f998b28f000-7f998b290000 rw-p 00000000 00:00 0 
7f998b290000-7f998b293000 r--s 00019000 08:01 1055993                    /home/michal/netbeans-7.4/extide/ant/lib/ant-junit.jar
7f998b293000-7f998b2bc000 rw-p 00000000 00:00 0 
7f998b2bc000-7f998b372000 rw-p 00000000 00:00 0 
7f998b372000-7f998b375000 ---p 00000000 00:00 0 
7f998b375000-7f998b477000 rw-p 00000000 00:00 0                          [stack:3607]
7f998b477000-7f998b479000 r--s 00002000 08:01 1055991                    /home/michal/netbeans-7.4/extide/ant/lib/ant-junit4.jar
7f998b479000-7f998b47a000 r--s 00004000 08:01 1055985                    /home/michal/netbeans-7.4/extide/ant/lib/ant-launcher.jar
7f998b47a000-7f998b47c000 r--s 00006000 08:01 1191099                    /home/michal/jadebusem/schedule_reader/java/ScheduleReader/Tess4J/lib/ghost4j-0.3.1.jar
7f998b47c000-7f998b480000 r--s 000dc000 08:01 1191101                    /home/michal/jadebusem/schedule_reader/java/ScheduleReader/Tess4J/lib/jna.jar
7f998b480000-7f998b488000 rw-s 00000000 08:01 538849                     /tmp/hsperfdata_michal/3604
7f998b488000-7f998b489000 rw-p 00000000 00:00 0 
7f998b489000-7f998b48a000 r--p 00000000 00:00 0 
7f998b48a000-7f998b48c000 rw-p 00000000 00:00 0 
7f998b48c000-7f998b48d000 r--p 00022000 08:01 1183840                    /lib/x86_64-linux-gnu/ld-2.17.so
7f998b48d000-7f998b48f000 rw-p 00023000 08:01 1183840                    /lib/x86_64-linux-gnu/ld-2.17.so
7fff247cb000-7fff247ec000 rw-p 00000000 00:00 0                          [stack]
7fff247fe000-7fff24800000 r-xp 00000000 00:00 0                          [vdso]
ffffffffff600000-ffffffffff601000 r-xp 00000000 00:00 0                  [vsyscall]

VM Arguments:
jvm_args: -ea 
java_command: org.apache.tools.ant.taskdefs.optional.junit.JUnitTestRunner net.sourceforge.tess4j.TessAPITest filtertrace=true haltOnError=false haltOnFailure=false showoutput=true outputtoformatters=true logfailedtests=true logtestlistenerevents=true formatter=org.apache.tools.ant.taskdefs.optional.junit.BriefJUnitResultFormatter formatter=org.apache.tools.ant.taskdefs.optional.junit.XMLJUnitResultFormatter,/home/michal/jadebusem/schedule_reader/java/ScheduleReader/Tess4J/build/test/results/TEST-net.sourceforge.tess4j.TessAPITest.xml crashfile=/home/michal/jadebusem/schedule_reader/java/ScheduleReader/Tess4J/build/junitvmwatcher6386540573067305976.properties propsfile=/home/michal/jadebusem/schedule_reader/java/ScheduleReader/Tess4J/build/junit2623043650170875077.properties
Launcher Type: SUN_STANDARD

Environment Variables:
PATH=/usr/lib/lightdm/lightdm:/usr/local/sbin:/usr/local/bin:/usr/sbin:/usr/bin:/sbin:/bin:/usr/games:/usr/local/games
LD_LIBRARY_PATH=/usr/lib/jvm/java-7-oracle/jre/lib/amd64:/usr/lib/jvm/java-7-oracle/jre/lib/i386:
SHELL=/bin/bash
DISPLAY=:0.0

Signal Handlers:
SIGSEGV: [libjvm.so+0x9935b0], sa_mask[0]=0x7ffbfeff, sa_flags=0x10000004
SIGBUS: [libjvm.so+0x9935b0], sa_mask[0]=0x7ffbfeff, sa_flags=0x10000004
SIGFPE: [libjvm.so+0x810330], sa_mask[0]=0x7ffbfeff, sa_flags=0x10000004
SIGPIPE: [libjvm.so+0x810330], sa_mask[0]=0x7ffbfeff, sa_flags=0x10000004
SIGXFSZ: [libjvm.so+0x810330], sa_mask[0]=0x7ffbfeff, sa_flags=0x10000004
SIGILL: [libjvm.so+0x810330], sa_mask[0]=0x7ffbfeff, sa_flags=0x10000004
SIGUSR1: SIG_DFL, sa_mask[0]=0x00000000, sa_flags=0x00000000
SIGUSR2: [libjvm.so+0x811820], sa_mask[0]=0x00000004, sa_flags=0x10000004
SIGHUP: [libjvm.so+0x812790], sa_mask[0]=0x7ffbfeff, sa_flags=0x10000004
SIGINT: SIG_IGN, sa_mask[0]=0x00000000, sa_flags=0x00000000
SIGTERM: [libjvm.so+0x812790], sa_mask[0]=0x7ffbfeff, sa_flags=0x10000004
SIGQUIT: [libjvm.so+0x812790], sa_mask[0]=0x7ffbfeff, sa_flags=0x10000004


---------------  S Y S T E M  ---------------

OS:wheezy/sid

uname:Linux 3.11.0-13-generic #20-Ubuntu SMP Wed Oct 23 07:38:26 UTC 2013 x86_64
libc:glibc 2.17 NPTL 2.17 
rlimit: STACK 8192k, CORE 0k, NPROC 46408, NOFILE 4096, AS infinity
load average:1,26 0,40 0,14

/proc/meminfo:
MemTotal:        5960424 kB
MemFree:         3918672 kB
Buffers:          108960 kB
Cached:           639764 kB
SwapCached:            0 kB
Active:          1303716 kB
Inactive:         516056 kB
Active(anon):    1071916 kB
Inactive(anon):    15560 kB
Active(file):     231800 kB
Inactive(file):   500496 kB
Unevictable:          32 kB
Mlocked:              32 kB
SwapTotal:       4191228 kB
SwapFree:        4191228 kB
Dirty:               424 kB
Writeback:             0 kB
AnonPages:       1071360 kB
Mapped:           131704 kB
Shmem:             16596 kB
Slab:             112472 kB
SReclaimable:      72604 kB
SUnreclaim:        39868 kB
KernelStack:        5752 kB
PageTables:        24920 kB
NFS_Unstable:          0 kB
Bounce:                0 kB
WritebackTmp:          0 kB
CommitLimit:     7171440 kB
Committed_AS:    3891648 kB
VmallocTotal:   34359738367 kB
VmallocUsed:      174976 kB
VmallocChunk:   34359549824 kB
HardwareCorrupted:     0 kB
AnonHugePages:         0 kB
HugePages_Total:       0
HugePages_Free:        0
HugePages_Rsvd:        0
HugePages_Surp:        0
Hugepagesize:       2048 kB
DirectMap4k:       67456 kB
DirectMap2M:     3979264 kB
DirectMap1G:     2097152 kB


CPU:total 8 (1 cores per cpu, 1 threads per core) family 6 model 60 stepping 3, cmov, cx8, fxsr, mmx, sse, sse2, sse3, ssse3, sse4.1, sse4.2, popcnt, avx, aes, erms, tsc, tscinvbit

/proc/cpuinfo:
processor	: 0
vendor_id	: GenuineIntel
cpu family	: 6
model		: 60
model name	: Intel(R) Core(TM) i7-4770K CPU @ 3.50GHz
stepping	: 3
microcode	: 0x16
cpu MHz		: 4001.000
cache size	: 8192 KB
fpu		: yes
fpu_exception	: yes
cpuid level	: 13
wp		: yes
flags		: fpu vme de pse tsc msr pae mce cx8 apic sep mtrr pge mca cmov pat pse36 clflush dts mmx fxsr sse sse2 ss syscall nx pdpe1gb rdtscp lm constant_tsc arch_perfmon pebs bts nopl xtopology tsc_reliable nonstop_tsc aperfmperf eagerfpu pni pclmulqdq ssse3 fma cx16 pcid sse4_1 sse4_2 x2apic movbe popcnt aes xsave avx f16c rdrand hypervisor lahf_lm ida arat xsaveopt pln pts dtherm fsgsbase smep
bogomips	: 8002.00
clflush size	: 64
cache_alignment	: 64
address sizes	: 40 bits physical, 48 bits virtual
power management:

processor	: 1
vendor_id	: GenuineIntel
cpu family	: 6
model		: 60
model name	: Intel(R) Core(TM) i7-4770K CPU @ 3.50GHz
stepping	: 3
microcode	: 0x16
cpu MHz		: 4001.000
cache size	: 8192 KB
fpu		: yes
fpu_exception	: yes
cpuid level	: 13
wp		: yes
flags		: fpu vme de pse tsc msr pae mce cx8 apic sep mtrr pge mca cmov pat pse36 clflush dts mmx fxsr sse sse2 ss syscall nx pdpe1gb rdtscp lm constant_tsc arch_perfmon pebs bts nopl xtopology tsc_reliable nonstop_tsc aperfmperf eagerfpu pni pclmulqdq ssse3 fma cx16 pcid sse4_1 sse4_2 x2apic movbe popcnt aes xsave avx f16c rdrand hypervisor lahf_lm ida arat xsaveopt pln pts dtherm fsgsbase smep
bogomips	: 8002.00
clflush size	: 64
cache_alignment	: 64
address sizes	: 40 bits physical, 48 bits virtual
power management:

processor	: 2
vendor_id	: GenuineIntel
cpu family	: 6
model		: 60
model name	: Intel(R) Core(TM) i7-4770K CPU @ 3.50GHz
stepping	: 3
microcode	: 0x16
cpu MHz		: 4001.000
cache size	: 8192 KB
fpu		: yes
fpu_exception	: yes
cpuid level	: 13
wp		: yes
flags		: fpu vme de pse tsc msr pae mce cx8 apic sep mtrr pge mca cmov pat pse36 clflush dts mmx fxsr sse sse2 ss syscall nx pdpe1gb rdtscp lm constant_tsc arch_perfmon pebs bts nopl xtopology tsc_reliable nonstop_tsc aperfmperf eagerfpu pni pclmulqdq ssse3 fma cx16 pcid sse4_1 sse4_2 x2apic movbe popcnt aes xsave avx f16c rdrand hypervisor lahf_lm ida arat xsaveopt pln pts dtherm fsgsbase smep
bogomips	: 8002.00
clflush size	: 64
cache_alignment	: 64
address sizes	: 40 bits physical, 48 bits virtual
power management:

processor	: 3
vendor_id	: GenuineIntel
cpu family	: 6
model		: 60
model name	: Intel(R) Core(TM) i7-4770K CPU @ 3.50GHz
stepping	: 3
microcode	: 0x16
cpu MHz		: 4001.000
cache size	: 8192 KB
fpu		: yes
fpu_exception	: yes
cpuid level	: 13
wp		: yes
flags		: fpu vme de pse tsc msr pae mce cx8 apic sep mtrr pge mca cmov pat pse36 clflush dts mmx fxsr sse sse2 ss syscall nx pdpe1gb rdtscp lm constant_tsc arch_perfmon pebs bts nopl xtopology tsc_reliable nonstop_tsc aperfmperf eagerfpu pni pclmulqdq ssse3 fma cx16 pcid sse4_1 sse4_2 x2apic movbe popcnt aes xsave avx f16c rdrand hypervisor lahf_lm ida arat xsaveopt pln pts dtherm fsgsbase smep
bogomips	: 8002.00
clflush size	: 64
cache_alignment	: 64
address sizes	: 40 bits physical, 48 bits virtual
power management:

processor	: 4
vendor_id	: GenuineIntel
cpu family	: 6
model		: 60
model name	: Intel(R) Core(TM) i7-4770K CPU @ 3.50GHz
stepping	: 3
microcode	: 0x16
cpu MHz		: 4001.000
cache size	: 8192 KB
fpu		: yes
fpu_exception	: yes
cpuid level	: 13
wp		: yes
flags		: fpu vme de pse tsc msr pae mce cx8 apic sep mtrr pge mca cmov pat pse36 clflush dts mmx fxsr sse sse2 ss syscall nx pdpe1gb rdtscp lm constant_tsc arch_perfmon pebs bts nopl xtopology tsc_reliable nonstop_tsc aperfmperf eagerfpu pni pclmulqdq ssse3 fma cx16 pcid sse4_1 sse4_2 x2apic movbe popcnt aes xsave avx f16c rdrand hypervisor lahf_lm ida arat xsaveopt pln pts dtherm fsgsbase smep
bogomips	: 8002.00
clflush size	: 64
cache_alignment	: 64
address sizes	: 40 bits physical, 48 bits virtual
power management:

processor	: 5
vendor_id	: GenuineIntel
cpu family	: 6
model		: 60
model name	: Intel(R) Core(TM) i7-4770K CPU @ 3.50GHz
stepping	: 3
microcode	: 0x16
cpu MHz		: 4001.000
cache size	: 8192 KB
fpu		: yes
fpu_exception	: yes
cpuid level	: 13
wp		: yes
flags		: fpu vme de pse tsc msr pae mce cx8 apic sep mtrr pge mca cmov pat pse36 clflush dts mmx fxsr sse sse2 ss syscall nx pdpe1gb rdtscp lm constant_tsc arch_perfmon pebs bts nopl xtopology tsc_reliable nonstop_tsc aperfmperf eagerfpu pni pclmulqdq ssse3 fma cx16 pcid sse4_1 sse4_2 x2apic movbe popcnt aes xsave avx f16c rdrand hypervisor lahf_lm ida arat xsaveopt pln pts dtherm fsgsbase smep
bogomips	: 8002.00
clflush size	: 64
cache_alignment	: 64
address sizes	: 40 bits physical, 48 bits virtual
power management:

processor	: 6
vendor_id	: GenuineIntel
cpu family	: 6
model		: 60
model name	: Intel(R) Core(TM) i7-4770K CPU @ 3.50GHz
stepping	: 3
microcode	: 0x16
cpu MHz		: 4001.000
cache size	: 8192 KB
fpu		: yes
fpu_exception	: yes
cpuid level	: 13
wp		: yes
flags		: fpu vme de pse tsc msr pae mce cx8 apic sep mtrr pge mca cmov pat pse36 clflush dts mmx fxsr sse sse2 ss syscall nx pdpe1gb rdtscp lm constant_tsc arch_perfmon pebs bts nopl xtopology tsc_reliable nonstop_tsc aperfmperf eagerfpu pni pclmulqdq ssse3 fma cx16 pcid sse4_1 sse4_2 x2apic movbe popcnt aes xsave avx f16c rdrand hypervisor lahf_lm ida arat xsaveopt pln pts dtherm fsgsbase smep
bogomips	: 8002.00
clflush size	: 64
cache_alignment	: 64
address sizes	: 40 bits physical, 48 bits virtual
power management:

processor	: 7
vendor_id	: GenuineIntel
cpu family	: 6
model		: 60
model name	: Intel(R) Core(TM) i7-4770K CPU @ 3.50GHz
stepping	: 3
microcode	: 0x16
cpu MHz		: 4001.000
cache size	: 8192 KB
fpu		: yes
fpu_exception	: yes
cpuid level	: 13
wp		: yes
flags		: fpu vme de pse tsc msr pae mce cx8 apic sep mtrr pge mca cmov pat pse36 clflush dts mmx fxsr sse sse2 ss syscall nx pdpe1gb rdtscp lm constant_tsc arch_perfmon pebs bts nopl xtopology tsc_reliable nonstop_tsc aperfmperf eagerfpu pni pclmulqdq ssse3 fma cx16 pcid sse4_1 sse4_2 x2apic movbe popcnt aes xsave avx f16c rdrand hypervisor lahf_lm ida arat xsaveopt pln pts dtherm fsgsbase smep
bogomips	: 8002.00
clflush size	: 64
cache_alignment	: 64
address sizes	: 40 bits physical, 48 bits virtual
power management:



Memory: 4k page, physical 5960424k(3918672k free), swap 4191228k(4191228k free)

vm_info: Java HotSpot(TM) 64-Bit Server VM (24.45-b08) for linux-amd64 JRE (1.7.0_45-b18), built on Oct  8 2013 05:44:25 by "java_re" with gcc 4.3.0 20080428 (Red Hat 4.3.0-8)

time: Tue Mar 11 22:47:42 2014
elapsed time: 0 seconds

