#
# A fatal error has been detected by the Java Runtime Environment:
#
#  SIGSEGV (0xb) at pc=0x00007fd56b219298, pid=3653, tid=140555322738432
#
# JRE version: Java(TM) SE Runtime Environment (7.0_45-b18) (build 1.7.0_45-b18)
# Java VM: Java HotSpot(TM) 64-Bit Server VM (24.45-b08 mixed mode linux-amd64 compressed oops)
# Problematic frame:
# C  [libtesseract.so.3.0.2+0x296298]  ERRCODE::error(char const*, TessErrorLogCode, char const*, ...) const+0x1c8
#
# Failed to write core dump. Core dumps have been disabled. To enable core dumping, try "ulimit -c unlimited" before starting Java again
#
# If you would like to submit a bug report, please visit:
#   http://bugreport.sun.com/bugreport/crash.jsp
# The crash happened outside the Java Virtual Machine in native code.
# See problematic frame for where to report the bug.
#

---------------  T H R E A D  ---------------

Current thread (0x00007fd59000a800):  JavaThread "main" [_thread_in_native, id=3655, stack(0x00007fd596054000,0x00007fd596155000)]

siginfo:si_signo=SIGSEGV: si_errno=0, si_code=1 (SEGV_MAPERR), si_addr=0x0000000000000000

Registers:
RAX=0x0000000000000001, RBX=0x00007fd596150f80, RCX=0xffffffffffffffff, RDX=0x0000000000000001
RSP=0x00007fd596150f60, RBP=0x0000000000000002, RSI=0x00007fd59590f9e0, RDI=0x00000000ffffffff
R8 =0x00007fd59590f9e0, R9 =0x00007fd59559a134, R10=0x0000000000000000, R11=0x0000000000000000
R12=0x00007fd596150fc3, R13=0x00007fd56b2468d2, R14=0x00007fd596151470, R15=0x0000000000000000
RIP=0x00007fd56b219298, EFLAGS=0x0000000000010246, CSGSFS=0x0000000000000033, ERR=0x0000000000000004
  TRAPNO=0x000000000000000e

Top of Stack: (sp=0x00007fd596150f60)
0x00007fd596150f60:   0000000000000000 0000003000000028
0x00007fd596150f70:   00007fd596151470 00007fd596151390
0x00007fd596150f80:   745f6c616e676973 6974616e696d7265
0x00007fd596150f90:   6c646e61685f6e6f 726f7272453a7265
0x00007fd596150fa0:   5f6c616e6769533a 74616e696d726574
0x00007fd596150fb0:   646e61685f6e6f69 6c6c61632072656c
0x00007fd596150fc0:   2065646f433a6465 ffff000a32303035
0x00007fd596150fd0:   00007fd596151240 0000000000000040
0x00007fd596150fe0:   00007fd596151460 0000000000000006
0x00007fd596150ff0:   00007fd56b23df22 000000000000000a
0x00007fd596151000:   00007fd5903382f0 00007fd5955a0a42
0x00007fd596151010:   0000000000003538 0000000000000000
0x00007fd596151020:   0000000000000000 0000000000000000
0x00007fd596151030:   0000000400000005 00007fd595f561a9
0x00007fd596151040:   0000000000000000 0000000000000000
0x00007fd596151050:   0000000000000041 00007fd5955a07e3
0x00007fd596151060:   00007fd500000001 0000000000000000
0x00007fd596151070:   0000000500000000 00007fd5961510c0
0x00007fd596151080:   00007fd590344914 00007fd56b24396f
0x00007fd596151090:   0000000000000000 00007fd595f5567c
0x00007fd5961510a0:   0000000000000000 0000000000000001
0x00007fd5961510b0:   00007fd596151250 0000000000000020
0x00007fd5961510c0:   000000007dd7aaaa 00007fd595f55e80
0x00007fd5961510d0:   0000000000000000 000000000000002a
0x00007fd5961510e0:   0000000001f75eaa 00007fd595d2ff00
0x00007fd5961510f0:   00007fd595d2fe78 00007fd5720ae8f0
0x00007fd596151100:   00007fd595d2ff00 0000000000000000
0x00007fd596151110:   0000000000000000 00007fd595d31aa8
0x00007fd596151120:   0000000000000001 0000000000000000
0x00007fd596151130:   0000000000000000 00007fd5902597f8
0x00007fd596151140:   00007fd59616d6d8 00007fd56afef1d4
0x00007fd596151150:   00007fd595d31dd8 00007fd56af8e220 

Instructions: (pc=0x00007fd56b219298)
0x00007fd56b219278:   24 f0 04 00 00 4c 8b ac 24 f8 04 00 00 4c 8b b4
0x00007fd56b219288:   24 00 05 00 00 48 81 c4 08 05 00 00 c3 0f 1f 00
0x00007fd56b219298:   8b 04 25 00 00 00 00 85 c0 75 93 e8 78 10 e0 ff
0x00007fd56b2192a8:   0f 1f 84 00 00 00 00 00 66 41 c7 04 24 0a 00 e9 

Register to memory mapping:

RAX=0x0000000000000001 is an unknown value
RBX=0x00007fd596150f80 is pointing into the stack for thread: 0x00007fd59000a800
RCX=0xffffffffffffffff is an unknown value
RDX=0x0000000000000001 is an unknown value
RSP=0x00007fd596150f60 is pointing into the stack for thread: 0x00007fd59000a800
RBP=0x0000000000000002 is an unknown value
RSI=0x00007fd59590f9e0: <offset 0x3c39e0> in /lib/x86_64-linux-gnu/libc.so.6 at 0x00007fd59554c000
RDI=0x00000000ffffffff is an unallocated location in the heap
R8 =0x00007fd59590f9e0: <offset 0x3c39e0> in /lib/x86_64-linux-gnu/libc.so.6 at 0x00007fd59554c000
R9 =0x00007fd59559a134: _IO_vfprintf+0x49b4 in /lib/x86_64-linux-gnu/libc.so.6 at 0x00007fd59554c000
R10=0x0000000000000000 is an unknown value
R11=0x0000000000000000 is an unknown value
R12=0x00007fd596150fc3 is pointing into the stack for thread: 0x00007fd59000a800
R13=0x00007fd56b2468d2: <offset 0x2c38d2> in /usr/lib/libtesseract.so.3.0.2 at 0x00007fd56af83000
R14=0x00007fd596151470 is pointing into the stack for thread: 0x00007fd59000a800
R15=0x0000000000000000 is an unknown value


Stack: [0x00007fd596054000,0x00007fd596155000],  sp=0x00007fd596150f60,  free space=1011k
Native frames: (J=compiled Java code, j=interpreted, Vv=VM code, C=native code)
C  [libtesseract.so.3.0.2+0x296298]  ERRCODE::error(char const*, TessErrorLogCode, char const*, ...) const+0x1c8

Java frames: (J=compiled Java code, j=interpreted, Vv=VM code)
j  com.sun.jna.Native.invokeInt(JI[Ljava/lang/Object;)I+0
j  com.sun.jna.Function.invoke([Ljava/lang/Object;Ljava/lang/Class;Z)Ljava/lang/Object;+225
j  com.sun.jna.Function.invoke(Ljava/lang/Class;[Ljava/lang/Object;Ljava/util/Map;)Ljava/lang/Object;+262
j  com.sun.jna.Library$Handler.invoke(Ljava/lang/Object;Ljava/lang/reflect/Method;[Ljava/lang/Object;)Ljava/lang/Object;+316
j  com.sun.proxy.$Proxy8.TessBaseAPIInit2(Lnet/sourceforge/tess4j/TessAPI$TessBaseAPI;Ljava/lang/String;Ljava/lang/String;I)I+32
j  net.sourceforge.tess4j.Tesseract.init()V+45
j  net.sourceforge.tess4j.Tesseract.doOCR(Ljava/util/List;Ljava/awt/Rectangle;)Ljava/lang/String;+1
j  net.sourceforge.tess4j.Tesseract.doOCR(Ljava/io/File;Ljava/awt/Rectangle;)Ljava/lang/String;+6
j  net.sourceforge.tess4j.TesseractTest.testDoOCR_File_Rectangle()V+43
v  ~StubRoutines::call_stub
j  sun.reflect.NativeMethodAccessorImpl.invoke0(Ljava/lang/reflect/Method;Ljava/lang/Object;[Ljava/lang/Object;)Ljava/lang/Object;+0
j  sun.reflect.NativeMethodAccessorImpl.invoke(Ljava/lang/Object;[Ljava/lang/Object;)Ljava/lang/Object;+87
j  sun.reflect.DelegatingMethodAccessorImpl.invoke(Ljava/lang/Object;[Ljava/lang/Object;)Ljava/lang/Object;+6
j  java.lang.reflect.Method.invoke(Ljava/lang/Object;[Ljava/lang/Object;)Ljava/lang/Object;+57
j  org.junit.runners.model.FrameworkMethod$1.runReflectiveCall()Ljava/lang/Object;+15
j  org.junit.internal.runners.model.ReflectiveCallable.run()Ljava/lang/Object;+1
j  org.junit.runners.model.FrameworkMethod.invokeExplosively(Ljava/lang/Object;[Ljava/lang/Object;)Ljava/lang/Object;+10
j  org.junit.internal.runners.statements.InvokeMethod.evaluate()V+12
j  org.junit.internal.runners.statements.RunBefores.evaluate()V+49
j  org.junit.internal.runners.statements.RunAfters.evaluate()V+12
j  org.junit.runners.ParentRunner.runLeaf(Lorg/junit/runners/model/Statement;Lorg/junit/runner/Description;Lorg/junit/runner/notification/RunNotifier;)V+17
j  org.junit.runners.BlockJUnit4ClassRunner.runChild(Lorg/junit/runners/model/FrameworkMethod;Lorg/junit/runner/notification/RunNotifier;)V+32
j  org.junit.runners.BlockJUnit4ClassRunner.runChild(Ljava/lang/Object;Lorg/junit/runner/notification/RunNotifier;)V+6
j  org.junit.runners.ParentRunner$3.run()V+12
j  org.junit.runners.ParentRunner$1.schedule(Ljava/lang/Runnable;)V+1
j  org.junit.runners.ParentRunner.runChildren(Lorg/junit/runner/notification/RunNotifier;)V+40
j  org.junit.runners.ParentRunner.access$000(Lorg/junit/runners/ParentRunner;Lorg/junit/runner/notification/RunNotifier;)V+2
j  org.junit.runners.ParentRunner$2.evaluate()V+8
j  org.junit.internal.runners.statements.RunBefores.evaluate()V+49
j  org.junit.internal.runners.statements.RunAfters.evaluate()V+12
j  org.junit.runners.ParentRunner.run(Lorg/junit/runner/notification/RunNotifier;)V+20
j  junit.framework.JUnit4TestAdapter.run(Ljunit/framework/TestResult;)V+13
j  org.apache.tools.ant.taskdefs.optional.junit.JUnitTestRunner.run()V+676
j  org.apache.tools.ant.taskdefs.optional.junit.JUnitTestRunner.launch(Lorg/apache/tools/ant/taskdefs/optional/junit/JUnitTest;[Ljava/lang/String;ZZZZZZ)I+41
j  org.apache.tools.ant.taskdefs.optional.junit.JUnitTestRunner.main([Ljava/lang/String;)V+918
v  ~StubRoutines::call_stub

---------------  P R O C E S S  ---------------

Java Threads: ( => current thread )
  0x00007fd59020c000 JavaThread "Java2D Disposer" daemon [_thread_blocked, id=3673, stack(0x00007fd56b6c7000,0x00007fd56b7c8000)]
  0x00007fd59009f800 JavaThread "Service Thread" daemon [_thread_blocked, id=3671, stack(0x00007fd571499000,0x00007fd57159a000)]
  0x00007fd59009d800 JavaThread "C2 CompilerThread1" daemon [_thread_blocked, id=3670, stack(0x00007fd57159a000,0x00007fd57169b000)]
  0x00007fd59009a800 JavaThread "C2 CompilerThread0" daemon [_thread_blocked, id=3669, stack(0x00007fd57169b000,0x00007fd57179c000)]
  0x00007fd590090000 JavaThread "Signal Dispatcher" daemon [_thread_blocked, id=3668, stack(0x00007fd57179c000,0x00007fd57189d000)]
  0x00007fd590079000 JavaThread "Finalizer" daemon [_thread_blocked, id=3667, stack(0x00007fd5720b0000,0x00007fd5721b1000)]
  0x00007fd590075000 JavaThread "Reference Handler" daemon [_thread_blocked, id=3666, stack(0x00007fd5721b1000,0x00007fd5722b2000)]
=>0x00007fd59000a800 JavaThread "main" [_thread_in_native, id=3655, stack(0x00007fd596054000,0x00007fd596155000)]

Other Threads:
  0x00007fd590072800 VMThread [stack: 0x00007fd5722b2000,0x00007fd5723b3000] [id=3665]
  0x00007fd5900aa800 WatcherThread [stack: 0x00007fd571398000,0x00007fd571499000] [id=3672]

VM state:not at safepoint (normal execution)

VM Mutex/Monitor currently owned by a thread: None

Heap
 PSYoungGen      total 27648K, used 10342K [0x00000000e1a80000, 0x00000000e3900000, 0x0000000100000000)
  eden space 24064K, 42% used [0x00000000e1a80000,0x00000000e2499b40,0x00000000e3200000)
  from space 3584K, 0% used [0x00000000e3580000,0x00000000e3580000,0x00000000e3900000)
  to   space 3584K, 0% used [0x00000000e3200000,0x00000000e3200000,0x00000000e3580000)
 ParOldGen       total 61952K, used 0K [0x00000000a5000000, 0x00000000a8c80000, 0x00000000e1a80000)
  object space 61952K, 0% used [0x00000000a5000000,0x00000000a5000000,0x00000000a8c80000)
 PSPermGen       total 21504K, used 8477K [0x000000009fe00000, 0x00000000a1300000, 0x00000000a5000000)
  object space 21504K, 39% used [0x000000009fe00000,0x00000000a0647720,0x00000000a1300000)

Card table byte_map: [0x00007fd58be6e000,0x00007fd58c170000] byte_map_base: 0x00007fd58b96f000

Polling page: 0x00007fd59616b000

Code Cache  [0x00007fd58c170000, 0x00007fd58c3e0000, 0x00007fd58f170000)
 total_blobs=342 nmethods=42 adapters=253 free_code_cache=48622Kb largest_free_block=49774144

Compilation events (10 events):
Event: 0,396 Thread 0x00007fd59009d800 nmethod 37 0x00007fd58c1efa90 code [0x00007fd58c1efc00, 0x00007fd58c1efe08]
Event: 0,396 Thread 0x00007fd59009d800   39  s          java.io.ByteArrayOutputStream::write (32 bytes)
Event: 0,396 Thread 0x00007fd59009a800 nmethod 38 0x00007fd58c1ef590 code [0x00007fd58c1ef6e0, 0x00007fd58c1ef918]
Event: 0,396 Thread 0x00007fd59009a800   40             java.io.DataOutputStream::incCount (20 bytes)
Event: 0,397 Thread 0x00007fd59009a800 nmethod 40 0x00007fd58c1ef390 code [0x00007fd58c1ef4c0, 0x00007fd58c1ef518]
Event: 0,397 Thread 0x00007fd59009a800   41             java.util.HashMap::get (29 bytes)
Event: 0,397 Thread 0x00007fd59009d800 nmethod 39 0x00007fd58c1f3550 code [0x00007fd58c1f36a0, 0x00007fd58c1f3a68]
Event: 0,397 Thread 0x00007fd59009d800   42             java.util.HashMap$Entry::getValue (5 bytes)
Event: 0,397 Thread 0x00007fd59009d800 nmethod 42 0x00007fd58c1ef110 code [0x00007fd58c1ef240, 0x00007fd58c1ef298]
Event: 0,398 Thread 0x00007fd59009a800 nmethod 41 0x00007fd58c1f2f90 code [0x00007fd58c1f3100, 0x00007fd58c1f3308]

GC Heap History (0 events):
No events

Deoptimization events (8 events):
Event: 0,274 Thread 0x00007fd59000a800 Uncommon trap: reason=class_check action=maybe_recompile pc=0x00007fd58c1d5d84 method=java.util.Properties$LineReader.readLine()I @ 62
Event: 0,274 Thread 0x00007fd59000a800 Uncommon trap: reason=class_check action=maybe_recompile pc=0x00007fd58c1d5d84 method=java.util.Properties$LineReader.readLine()I @ 62
Event: 0,274 Thread 0x00007fd59000a800 Uncommon trap: reason=class_check action=maybe_recompile pc=0x00007fd58c1d5d84 method=java.util.Properties$LineReader.readLine()I @ 62
Event: 0,274 Thread 0x00007fd59000a800 Uncommon trap: reason=class_check action=maybe_recompile pc=0x00007fd58c1d5d84 method=java.util.Properties$LineReader.readLine()I @ 62
Event: 0,382 Thread 0x00007fd59000a800 Uncommon trap: reason=class_check action=maybe_recompile pc=0x00007fd58c1d678c method=java.lang.String.equals(Ljava/lang/Object;)Z @ 8
Event: 0,382 Thread 0x00007fd59000a800 Uncommon trap: reason=class_check action=maybe_recompile pc=0x00007fd58c1d678c method=java.lang.String.equals(Ljava/lang/Object;)Z @ 8
Event: 0,382 Thread 0x00007fd59000a800 Uncommon trap: reason=class_check action=maybe_recompile pc=0x00007fd58c1d678c method=java.lang.String.equals(Ljava/lang/Object;)Z @ 8
Event: 0,383 Thread 0x00007fd59000a800 Uncommon trap: reason=class_check action=maybe_recompile pc=0x00007fd58c1d678c method=java.lang.String.equals(Ljava/lang/Object;)Z @ 8

Internal exceptions (10 events):
Event: 0,397 Thread 0x00007fd59000a800 Threw 0x00000000e24388a8 at /HUDSON/workspace/7u-2-build-linux-amd64/jdk7u45/229/hotspot/src/share/vm/prims/jvm.cpp:1244
Event: 0,398 Thread 0x00007fd59000a800 Threw 0x00000000e2449a48 at /HUDSON/workspace/7u-2-build-linux-amd64/jdk7u45/229/hotspot/src/share/vm/prims/jvm.cpp:1244
Event: 0,398 Thread 0x00007fd59000a800 Threw 0x00000000e244bc00 at /HUDSON/workspace/7u-2-build-linux-amd64/jdk7u45/229/hotspot/src/share/vm/prims/jvm.cpp:1244
Event: 0,399 Thread 0x00007fd59000a800 Threw 0x00000000e244e1a8 at /HUDSON/workspace/7u-2-build-linux-amd64/jdk7u45/229/hotspot/src/share/vm/prims/jvm.cpp:1244
Event: 0,399 Thread 0x00007fd59000a800 Threw 0x00000000e2450390 at /HUDSON/workspace/7u-2-build-linux-amd64/jdk7u45/229/hotspot/src/share/vm/prims/jvm.cpp:1244
Event: 0,400 Thread 0x00007fd59000a800 Threw 0x00000000e2453d40 at /HUDSON/workspace/7u-2-build-linux-amd64/jdk7u45/229/hotspot/src/share/vm/prims/jvm.cpp:1244
Event: 0,400 Thread 0x00007fd59000a800 Threw 0x00000000e24581d8 at /HUDSON/workspace/7u-2-build-linux-amd64/jdk7u45/229/hotspot/src/share/vm/prims/jvm.cpp:1244
Event: 0,401 Thread 0x00007fd59000a800 Threw 0x00000000e245ab40 at /HUDSON/workspace/7u-2-build-linux-amd64/jdk7u45/229/hotspot/src/share/vm/prims/jvm.cpp:1244
Event: 0,401 Thread 0x00007fd59000a800 Threw 0x00000000e245f090 at /HUDSON/workspace/7u-2-build-linux-amd64/jdk7u45/229/hotspot/src/share/vm/prims/jvm.cpp:1244
Event: 0,401 Thread 0x00007fd59000a800 Threw 0x00000000e2461910 at /HUDSON/workspace/7u-2-build-linux-amd64/jdk7u45/229/hotspot/src/share/vm/prims/jvm.cpp:1244

Events (10 events):
Event: 0,400 loading class 0x00007fd59022e530
Event: 0,400 loading class 0x00007fd59022e530 done
Event: 0,400 loading class 0x00007fd590323860
Event: 0,400 loading class 0x00007fd590323860 done
Event: 0,401 loading class 0x00007fd59023da50
Event: 0,401 loading class 0x00007fd59023da50 done
Event: 0,401 loading class 0x00007fd590240990
Event: 0,401 loading class 0x00007fd590240990 done
Event: 0,401 loading class 0x00007fd590240be0
Event: 0,401 loading class 0x00007fd590240be0 done


Dynamic libraries:
00400000-00401000 r-xp 00000000 08:01 282671                             /usr/lib/jvm/java-7-oracle/jre/bin/java
00600000-00601000 rw-p 00000000 08:01 282671                             /usr/lib/jvm/java-7-oracle/jre/bin/java
010b8000-010d9000 rw-p 00000000 00:00 0                                  [heap]
9fe00000-a1300000 rw-p 00000000 00:00 0 
a1300000-a5000000 rw-p 00000000 00:00 0 
a5000000-a8c80000 rw-p 00000000 00:00 0 
a8c80000-e1a80000 rw-p 00000000 00:00 0 
e1a80000-e3900000 rw-p 00000000 00:00 0 
e3900000-100000000 rw-p 00000000 00:00 0 
7fd53c000000-7fd53c021000 rw-p 00000000 00:00 0 
7fd53c021000-7fd540000000 ---p 00000000 00:00 0 
7fd540000000-7fd540021000 rw-p 00000000 00:00 0 
7fd540021000-7fd544000000 ---p 00000000 00:00 0 
7fd544000000-7fd544163000 rw-p 00000000 00:00 0 
7fd544163000-7fd548000000 ---p 00000000 00:00 0 
7fd548000000-7fd548021000 rw-p 00000000 00:00 0 
7fd548021000-7fd54c000000 ---p 00000000 00:00 0 
7fd54c000000-7fd54c021000 rw-p 00000000 00:00 0 
7fd54c021000-7fd550000000 ---p 00000000 00:00 0 
7fd550000000-7fd5501c9000 rw-p 00000000 00:00 0 
7fd5501c9000-7fd554000000 ---p 00000000 00:00 0 
7fd554000000-7fd554021000 rw-p 00000000 00:00 0 
7fd554021000-7fd558000000 ---p 00000000 00:00 0 
7fd558000000-7fd558021000 rw-p 00000000 00:00 0 
7fd558021000-7fd55c000000 ---p 00000000 00:00 0 
7fd55c000000-7fd55c021000 rw-p 00000000 00:00 0 
7fd55c021000-7fd560000000 ---p 00000000 00:00 0 
7fd560000000-7fd560021000 rw-p 00000000 00:00 0 
7fd560021000-7fd564000000 ---p 00000000 00:00 0 
7fd564000000-7fd564021000 rw-p 00000000 00:00 0 
7fd564021000-7fd568000000 ---p 00000000 00:00 0 
7fd56951f000-7fd56952a000 r-xp 00000000 08:01 1449017                    /usr/lib/x86_64-linux-gnu/libjbig.so.0.0.0
7fd56952a000-7fd569729000 ---p 0000b000 08:01 1449017                    /usr/lib/x86_64-linux-gnu/libjbig.so.0.0.0
7fd569729000-7fd56972a000 r--p 0000a000 08:01 1449017                    /usr/lib/x86_64-linux-gnu/libjbig.so.0.0.0
7fd56972a000-7fd56972d000 rw-p 0000b000 08:01 1449017                    /usr/lib/x86_64-linux-gnu/libjbig.so.0.0.0
7fd56972d000-7fd56974e000 r-xp 00000000 08:01 1183912                    /lib/x86_64-linux-gnu/liblzma.so.5.0.0
7fd56974e000-7fd56994d000 ---p 00021000 08:01 1183912                    /lib/x86_64-linux-gnu/liblzma.so.5.0.0
7fd56994d000-7fd56994e000 r--p 00020000 08:01 1183912                    /lib/x86_64-linux-gnu/liblzma.so.5.0.0
7fd56994e000-7fd56994f000 rw-p 00021000 08:01 1183912                    /lib/x86_64-linux-gnu/liblzma.so.5.0.0
7fd56994f000-7fd569998000 r-xp 00000000 08:01 1469944                    /usr/lib/x86_64-linux-gnu/libwebp.so.4.0.2
7fd569998000-7fd569b98000 ---p 00049000 08:01 1469944                    /usr/lib/x86_64-linux-gnu/libwebp.so.4.0.2
7fd569b98000-7fd569b99000 r--p 00049000 08:01 1469944                    /usr/lib/x86_64-linux-gnu/libwebp.so.4.0.2
7fd569b99000-7fd569b9a000 rw-p 0004a000 08:01 1469944                    /usr/lib/x86_64-linux-gnu/libwebp.so.4.0.2
7fd569b9a000-7fd569b9d000 rw-p 00000000 00:00 0 
7fd569b9d000-7fd569c0b000 r-xp 00000000 08:01 1449307                    /usr/lib/x86_64-linux-gnu/libtiff.so.5.1.0
7fd569c0b000-7fd569e0b000 ---p 0006e000 08:01 1449307                    /usr/lib/x86_64-linux-gnu/libtiff.so.5.1.0
7fd569e0b000-7fd569e0c000 r--p 0006e000 08:01 1449307                    /usr/lib/x86_64-linux-gnu/libtiff.so.5.1.0
7fd569e0c000-7fd569e0f000 rw-p 0006f000 08:01 1449307                    /usr/lib/x86_64-linux-gnu/libtiff.so.5.1.0
7fd569e0f000-7fd569e17000 r-xp 00000000 08:01 1469930                    /usr/lib/x86_64-linux-gnu/libgif.so.4.1.6
7fd569e17000-7fd56a016000 ---p 00008000 08:01 1469930                    /usr/lib/x86_64-linux-gnu/libgif.so.4.1.6
7fd56a016000-7fd56a017000 r--p 00007000 08:01 1469930                    /usr/lib/x86_64-linux-gnu/libgif.so.4.1.6
7fd56a017000-7fd56a018000 rw-p 00008000 08:01 1469930                    /usr/lib/x86_64-linux-gnu/libgif.so.4.1.6
7fd56a018000-7fd56a05b000 r-xp 00000000 08:01 1449019                    /usr/lib/x86_64-linux-gnu/libjpeg.so.8.0.2
7fd56a05b000-7fd56a25b000 ---p 00043000 08:01 1449019                    /usr/lib/x86_64-linux-gnu/libjpeg.so.8.0.2
7fd56a25b000-7fd56a25c000 r--p 00043000 08:01 1449019                    /usr/lib/x86_64-linux-gnu/libjpeg.so.8.0.2
7fd56a25c000-7fd56a25d000 rw-p 00044000 08:01 1449019                    /usr/lib/x86_64-linux-gnu/libjpeg.so.8.0.2
7fd56a25d000-7fd56a26d000 rw-p 00000000 00:00 0 
7fd56a26d000-7fd56a292000 r-xp 00000000 08:01 1183974                    /lib/x86_64-linux-gnu/libpng12.so.0.49.0
7fd56a292000-7fd56a491000 ---p 00025000 08:01 1183974                    /lib/x86_64-linux-gnu/libpng12.so.0.49.0
7fd56a491000-7fd56a492000 r--p 00024000 08:01 1183974                    /lib/x86_64-linux-gnu/libpng12.so.0.49.0
7fd56a492000-7fd56a493000 rw-p 00025000 08:01 1183974                    /lib/x86_64-linux-gnu/libpng12.so.0.49.0
7fd56a493000-7fd56a4ab000 r-xp 00000000 08:01 1184022                    /lib/x86_64-linux-gnu/libz.so.1.2.8
7fd56a4ab000-7fd56a6aa000 ---p 00018000 08:01 1184022                    /lib/x86_64-linux-gnu/libz.so.1.2.8
7fd56a6aa000-7fd56a6ab000 r--p 00017000 08:01 1184022                    /lib/x86_64-linux-gnu/libz.so.1.2.8
7fd56a6ab000-7fd56a6ac000 rw-p 00018000 08:01 1184022                    /lib/x86_64-linux-gnu/libz.so.1.2.8
7fd56a6ac000-7fd56a6c1000 r-xp 00000000 08:01 1183889                    /lib/x86_64-linux-gnu/libgcc_s.so.1
7fd56a6c1000-7fd56a8c0000 ---p 00015000 08:01 1183889                    /lib/x86_64-linux-gnu/libgcc_s.so.1
7fd56a8c0000-7fd56a8c1000 r--p 00014000 08:01 1183889                    /lib/x86_64-linux-gnu/libgcc_s.so.1
7fd56a8c1000-7fd56a8c2000 rw-p 00015000 08:01 1183889                    /lib/x86_64-linux-gnu/libgcc_s.so.1
7fd56a8c2000-7fd56a9a8000 r-xp 00000000 08:01 1449276                    /usr/lib/x86_64-linux-gnu/libstdc++.so.6.0.18
7fd56a9a8000-7fd56aba7000 ---p 000e6000 08:01 1449276                    /usr/lib/x86_64-linux-gnu/libstdc++.so.6.0.18
7fd56aba7000-7fd56abaf000 r--p 000e5000 08:01 1449276                    /usr/lib/x86_64-linux-gnu/libstdc++.so.6.0.18
7fd56abaf000-7fd56abb1000 rw-p 000ed000 08:01 1449276                    /usr/lib/x86_64-linux-gnu/libstdc++.so.6.0.18
7fd56abb1000-7fd56abc6000 rw-p 00000000 00:00 0 
7fd56abc6000-7fd56ad79000 r-xp 00000000 08:01 1324551                    /usr/lib/liblept.so.3.0.0
7fd56ad79000-7fd56af79000 ---p 001b3000 08:01 1324551                    /usr/lib/liblept.so.3.0.0
7fd56af79000-7fd56af7a000 r--p 001b3000 08:01 1324551                    /usr/lib/liblept.so.3.0.0
7fd56af7a000-7fd56af82000 rw-p 001b4000 08:01 1324551                    /usr/lib/liblept.so.3.0.0
7fd56af82000-7fd56af83000 rw-p 00000000 00:00 0 
7fd56af83000-7fd56b293000 r-xp 00000000 08:01 1324632                    /usr/lib/libtesseract.so.3.0.2
7fd56b293000-7fd56b493000 ---p 00310000 08:01 1324632                    /usr/lib/libtesseract.so.3.0.2
7fd56b493000-7fd56b49a000 r--p 00310000 08:01 1324632                    /usr/lib/libtesseract.so.3.0.2
7fd56b49a000-7fd56b4a1000 rw-p 00317000 08:01 1324632                    /usr/lib/libtesseract.so.3.0.2
7fd56b4a1000-7fd56b5af000 rw-p 00000000 00:00 0 
7fd56b5af000-7fd56b5c6000 r-xp 00000000 08:01 538851                     /tmp/jna--1074367764/jna7590458736151329460.tmp (deleted)
7fd56b5c6000-7fd56b6c5000 ---p 00017000 08:01 538851                     /tmp/jna--1074367764/jna7590458736151329460.tmp (deleted)
7fd56b6c5000-7fd56b6c7000 rw-p 00016000 08:01 538851                     /tmp/jna--1074367764/jna7590458736151329460.tmp (deleted)
7fd56b6c7000-7fd56b6ca000 ---p 00000000 00:00 0 
7fd56b6ca000-7fd56b7c8000 rw-p 00000000 00:00 0                          [stack:3673]
7fd56b7c8000-7fd56b7cd000 r-xp 00000000 08:01 1448470                    /usr/lib/x86_64-linux-gnu/libXdmcp.so.6.0.0
7fd56b7cd000-7fd56b9cc000 ---p 00005000 08:01 1448470                    /usr/lib/x86_64-linux-gnu/libXdmcp.so.6.0.0
7fd56b9cc000-7fd56b9cd000 r--p 00004000 08:01 1448470                    /usr/lib/x86_64-linux-gnu/libXdmcp.so.6.0.0
7fd56b9cd000-7fd56b9ce000 rw-p 00005000 08:01 1448470                    /usr/lib/x86_64-linux-gnu/libXdmcp.so.6.0.0
7fd56b9ce000-7fd56b9d0000 r-xp 00000000 08:01 1448459                    /usr/lib/x86_64-linux-gnu/libXau.so.6.0.0
7fd56b9d0000-7fd56bbd0000 ---p 00002000 08:01 1448459                    /usr/lib/x86_64-linux-gnu/libXau.so.6.0.0
7fd56bbd0000-7fd56bbd1000 r--p 00002000 08:01 1448459                    /usr/lib/x86_64-linux-gnu/libXau.so.6.0.0
7fd56bbd1000-7fd56bbd2000 rw-p 00003000 08:01 1448459                    /usr/lib/x86_64-linux-gnu/libXau.so.6.0.0
7fd56bbd2000-7fd56bbef000 r-xp 00000000 08:01 1449411                    /usr/lib/x86_64-linux-gnu/libxcb.so.1.1.0
7fd56bbef000-7fd56bdee000 ---p 0001d000 08:01 1449411                    /usr/lib/x86_64-linux-gnu/libxcb.so.1.1.0
7fd56bdee000-7fd56bdef000 r--p 0001c000 08:01 1449411                    /usr/lib/x86_64-linux-gnu/libxcb.so.1.1.0
7fd56bdef000-7fd56bdf0000 rw-p 0001d000 08:01 1449411                    /usr/lib/x86_64-linux-gnu/libxcb.so.1.1.0
7fd56bdf0000-7fd56bdff000 r-xp 00000000 08:01 1448480                    /usr/lib/x86_64-linux-gnu/libXi.so.6.1.0
7fd56bdff000-7fd56bffe000 ---p 0000f000 08:01 1448480                    /usr/lib/x86_64-linux-gnu/libXi.so.6.1.0
7fd56bffe000-7fd56bfff000 r--p 0000e000 08:01 1448480                    /usr/lib/x86_64-linux-gnu/libXi.so.6.1.0
7fd56bfff000-7fd56c000000 rw-p 0000f000 08:01 1448480                    /usr/lib/x86_64-linux-gnu/libXi.so.6.1.0
7fd56c000000-7fd56c021000 rw-p 00000000 00:00 0 
7fd56c021000-7fd570000000 ---p 00000000 00:00 0 
7fd570061000-7fd570085000 r--p 00000000 08:01 148914                     /usr/share/locale-langpack/pl/LC_MESSAGES/libc.mo
7fd570085000-7fd57008a000 r-xp 00000000 08:01 1448498                    /usr/lib/x86_64-linux-gnu/libXtst.so.6.1.0
7fd57008a000-7fd570289000 ---p 00005000 08:01 1448498                    /usr/lib/x86_64-linux-gnu/libXtst.so.6.1.0
7fd570289000-7fd57028a000 r--p 00004000 08:01 1448498                    /usr/lib/x86_64-linux-gnu/libXtst.so.6.1.0
7fd57028a000-7fd57028b000 rw-p 00005000 08:01 1448498                    /usr/lib/x86_64-linux-gnu/libXtst.so.6.1.0
7fd57028b000-7fd570294000 r-xp 00000000 08:01 1448494                    /usr/lib/x86_64-linux-gnu/libXrender.so.1.3.0
7fd570294000-7fd570493000 ---p 00009000 08:01 1448494                    /usr/lib/x86_64-linux-gnu/libXrender.so.1.3.0
7fd570493000-7fd570494000 r--p 00008000 08:01 1448494                    /usr/lib/x86_64-linux-gnu/libXrender.so.1.3.0
7fd570494000-7fd570495000 rw-p 00009000 08:01 1448494                    /usr/lib/x86_64-linux-gnu/libXrender.so.1.3.0
7fd570495000-7fd5705c5000 r-xp 00000000 08:01 1448455                    /usr/lib/x86_64-linux-gnu/libX11.so.6.3.0
7fd5705c5000-7fd5707c5000 ---p 00130000 08:01 1448455                    /usr/lib/x86_64-linux-gnu/libX11.so.6.3.0
7fd5707c5000-7fd5707c6000 r--p 00130000 08:01 1448455                    /usr/lib/x86_64-linux-gnu/libX11.so.6.3.0
7fd5707c6000-7fd5707ca000 rw-p 00131000 08:01 1448455                    /usr/lib/x86_64-linux-gnu/libX11.so.6.3.0
7fd5707ca000-7fd5707db000 r-xp 00000000 08:01 1448472                    /usr/lib/x86_64-linux-gnu/libXext.so.6.4.0
7fd5707db000-7fd5709da000 ---p 00011000 08:01 1448472                    /usr/lib/x86_64-linux-gnu/libXext.so.6.4.0
7fd5709da000-7fd5709db000 r--p 00010000 08:01 1448472                    /usr/lib/x86_64-linux-gnu/libXext.so.6.4.0
7fd5709db000-7fd5709dc000 rw-p 00011000 08:01 1448472                    /usr/lib/x86_64-linux-gnu/libXext.so.6.4.0
7fd5709e4000-7fd5709e8000 r--s 0008a000 08:01 282745                     /usr/lib/jvm/java-7-oracle/jre/lib/jsse.jar
7fd5709e8000-7fd5709ef000 r--s 00000000 08:01 1577107                    /usr/lib/x86_64-linux-gnu/gconv/gconv-modules.cache
7fd5709ef000-7fd570a3f000 r-xp 00000000 08:01 282941                     /usr/lib/jvm/java-7-oracle/jre/lib/amd64/xawt/libmawt.so
7fd570a3f000-7fd570c3f000 ---p 00050000 08:01 282941                     /usr/lib/jvm/java-7-oracle/jre/lib/amd64/xawt/libmawt.so
7fd570c3f000-7fd570c43000 rw-p 00050000 08:01 282941                     /usr/lib/jvm/java-7-oracle/jre/lib/amd64/xawt/libmawt.so
7fd570c43000-7fd570c44000 rw-p 00000000 00:00 0 
7fd570c44000-7fd570ce6000 r-xp 00000000 08:01 282911                     /usr/lib/jvm/java-7-oracle/jre/lib/amd64/libawt.so
7fd570ce6000-7fd570ee6000 ---p 000a2000 08:01 282911                     /usr/lib/jvm/java-7-oracle/jre/lib/amd64/libawt.so
7fd570ee6000-7fd570ef2000 rw-p 000a2000 08:01 282911                     /usr/lib/jvm/java-7-oracle/jre/lib/amd64/libawt.so
7fd570ef2000-7fd570f16000 rw-p 00000000 00:00 0 
7fd570f16000-7fd570f21000 r--s 0037c000 08:01 282757                     /usr/lib/jvm/java-7-oracle/jre/lib/charsets.jar
7fd570f21000-7fd570f52000 rw-p 00000000 00:00 0 
7fd570f52000-7fd570f68000 r-xp 00000000 08:01 282917                     /usr/lib/jvm/java-7-oracle/jre/lib/amd64/libnet.so
7fd570f68000-7fd571168000 ---p 00016000 08:01 282917                     /usr/lib/jvm/java-7-oracle/jre/lib/amd64/libnet.so
7fd571168000-7fd571169000 rw-p 00016000 08:01 282917                     /usr/lib/jvm/java-7-oracle/jre/lib/amd64/libnet.so
7fd571169000-7fd571179000 r-xp 00000000 08:01 282923                     /usr/lib/jvm/java-7-oracle/jre/lib/amd64/libnio.so
7fd571179000-7fd571379000 ---p 00010000 08:01 282923                     /usr/lib/jvm/java-7-oracle/jre/lib/amd64/libnio.so
7fd571379000-7fd57137a000 rw-p 00010000 08:01 282923                     /usr/lib/jvm/java-7-oracle/jre/lib/amd64/libnio.so
7fd57137a000-7fd571398000 r--s 001c3000 08:01 1056007                    /home/michal/netbeans-7.4/extide/ant/lib/ant.jar
7fd571398000-7fd571399000 ---p 00000000 00:00 0 
7fd571399000-7fd571499000 rw-p 00000000 00:00 0                          [stack:3672]
7fd571499000-7fd57149c000 ---p 00000000 00:00 0 
7fd57149c000-7fd57159a000 rw-p 00000000 00:00 0                          [stack:3671]
7fd57159a000-7fd57159d000 ---p 00000000 00:00 0 
7fd57159d000-7fd57169b000 rw-p 00000000 00:00 0                          [stack:3670]
7fd57169b000-7fd57169e000 ---p 00000000 00:00 0 
7fd57169e000-7fd57179c000 rw-p 00000000 00:00 0                          [stack:3669]
7fd57179c000-7fd57179f000 ---p 00000000 00:00 0 
7fd57179f000-7fd57189d000 rw-p 00000000 00:00 0                          [stack:3668]
7fd57189d000-7fd5720b0000 r--p 00000000 08:01 1316721                    /usr/lib/locale/locale-archive
7fd5720b0000-7fd5720b3000 ---p 00000000 00:00 0 
7fd5720b3000-7fd5721b1000 rw-p 00000000 00:00 0                          [stack:3667]
7fd5721b1000-7fd5721b4000 ---p 00000000 00:00 0 
7fd5721b4000-7fd5722b2000 rw-p 00000000 00:00 0                          [stack:3666]
7fd5722b2000-7fd5722b3000 ---p 00000000 00:00 0 
7fd5722b3000-7fd574000000 rw-p 00000000 00:00 0                          [stack:3665]
7fd574000000-7fd574021000 rw-p 00000000 00:00 0 
7fd574021000-7fd578000000 ---p 00000000 00:00 0 
7fd578000000-7fd578021000 rw-p 00000000 00:00 0 
7fd578021000-7fd57c000000 ---p 00000000 00:00 0 
7fd57c000000-7fd57c021000 rw-p 00000000 00:00 0 
7fd57c021000-7fd580000000 ---p 00000000 00:00 0 
7fd580000000-7fd580021000 rw-p 00000000 00:00 0 
7fd580021000-7fd584000000 ---p 00000000 00:00 0 
7fd584000000-7fd584021000 rw-p 00000000 00:00 0 
7fd584021000-7fd588000000 ---p 00000000 00:00 0 
7fd588002000-7fd58800c000 r--s 00250000 08:01 283463                     /usr/lib/jvm/java-7-oracle/jre/lib/resources.jar
7fd58800c000-7fd58801d000 r--s 00106000 08:01 1191100                    /home/michal/jadebusem/schedule_reader/java/ScheduleReader/Tess4J/lib/jai_imageio.jar
7fd58801d000-7fd58803e000 rw-p 00000000 00:00 0 
7fd58803e000-7fd5881fa000 r--s 039b2000 08:01 282684                     /usr/lib/jvm/java-7-oracle/jre/lib/rt.jar
7fd5881fa000-7fd58b581000 rw-p 00000000 00:00 0 
7fd58b581000-7fd58b582000 ---p 00000000 00:00 0 
7fd58b582000-7fd58b682000 rw-p 00000000 00:00 0                          [stack:3664]
7fd58b682000-7fd58b683000 ---p 00000000 00:00 0 
7fd58b683000-7fd58b783000 rw-p 00000000 00:00 0                          [stack:3663]
7fd58b783000-7fd58b784000 ---p 00000000 00:00 0 
7fd58b784000-7fd58b884000 rw-p 00000000 00:00 0                          [stack:3662]
7fd58b884000-7fd58b885000 ---p 00000000 00:00 0 
7fd58b885000-7fd58b985000 rw-p 00000000 00:00 0                          [stack:3661]
7fd58b985000-7fd58b986000 ---p 00000000 00:00 0 
7fd58b986000-7fd58ba86000 rw-p 00000000 00:00 0                          [stack:3660]
7fd58ba86000-7fd58ba87000 ---p 00000000 00:00 0 
7fd58ba87000-7fd58bb87000 rw-p 00000000 00:00 0                          [stack:3659]
7fd58bb87000-7fd58bb88000 ---p 00000000 00:00 0 
7fd58bb88000-7fd58bca7000 rw-p 00000000 00:00 0                          [stack:3658]
7fd58bca7000-7fd58be6e000 rw-p 00000000 00:00 0 
7fd58be6e000-7fd58be79000 rw-p 00000000 00:00 0 
7fd58be79000-7fd58be97000 rw-p 00000000 00:00 0 
7fd58be97000-7fd58beb6000 rw-p 00000000 00:00 0 
7fd58beb6000-7fd58c07c000 rw-p 00000000 00:00 0 
7fd58c07c000-7fd58c08c000 rw-p 00000000 00:00 0 
7fd58c08c000-7fd58c16f000 rw-p 00000000 00:00 0 
7fd58c16f000-7fd58c170000 rw-p 00000000 00:00 0 
7fd58c170000-7fd58c3e0000 rwxp 00000000 00:00 0 
7fd58c3e0000-7fd58f170000 rw-p 00000000 00:00 0 
7fd58f170000-7fd58f18a000 r-xp 00000000 08:01 282936                     /usr/lib/jvm/java-7-oracle/jre/lib/amd64/libzip.so
7fd58f18a000-7fd58f38a000 ---p 0001a000 08:01 282936                     /usr/lib/jvm/java-7-oracle/jre/lib/amd64/libzip.so
7fd58f38a000-7fd58f38b000 rw-p 0001a000 08:01 282936                     /usr/lib/jvm/java-7-oracle/jre/lib/amd64/libzip.so
7fd58f38b000-7fd58f397000 r-xp 00000000 08:01 1183940                    /lib/x86_64-linux-gnu/libnss_files-2.17.so
7fd58f397000-7fd58f596000 ---p 0000c000 08:01 1183940                    /lib/x86_64-linux-gnu/libnss_files-2.17.so
7fd58f596000-7fd58f597000 r--p 0000b000 08:01 1183940                    /lib/x86_64-linux-gnu/libnss_files-2.17.so
7fd58f597000-7fd58f598000 rw-p 0000c000 08:01 1183940                    /lib/x86_64-linux-gnu/libnss_files-2.17.so
7fd58f598000-7fd58f5a3000 r-xp 00000000 08:01 1183944                    /lib/x86_64-linux-gnu/libnss_nis-2.17.so
7fd58f5a3000-7fd58f7a2000 ---p 0000b000 08:01 1183944                    /lib/x86_64-linux-gnu/libnss_nis-2.17.so
7fd58f7a2000-7fd58f7a3000 r--p 0000a000 08:01 1183944                    /lib/x86_64-linux-gnu/libnss_nis-2.17.so
7fd58f7a3000-7fd58f7a4000 rw-p 0000b000 08:01 1183944                    /lib/x86_64-linux-gnu/libnss_nis-2.17.so
7fd58f7a4000-7fd58f7bb000 r-xp 00000000 08:01 1183934                    /lib/x86_64-linux-gnu/libnsl-2.17.so
7fd58f7bb000-7fd58f9ba000 ---p 00017000 08:01 1183934                    /lib/x86_64-linux-gnu/libnsl-2.17.so
7fd58f9ba000-7fd58f9bb000 r--p 00016000 08:01 1183934                    /lib/x86_64-linux-gnu/libnsl-2.17.so
7fd58f9bb000-7fd58f9bc000 rw-p 00017000 08:01 1183934                    /lib/x86_64-linux-gnu/libnsl-2.17.so
7fd58f9bc000-7fd58f9be000 rw-p 00000000 00:00 0 
7fd58f9be000-7fd58f9c6000 r-xp 00000000 08:01 1183936                    /lib/x86_64-linux-gnu/libnss_compat-2.17.so
7fd58f9c6000-7fd58fbc5000 ---p 00008000 08:01 1183936                    /lib/x86_64-linux-gnu/libnss_compat-2.17.so
7fd58fbc5000-7fd58fbc6000 r--p 00007000 08:01 1183936                    /lib/x86_64-linux-gnu/libnss_compat-2.17.so
7fd58fbc6000-7fd58fbc7000 rw-p 00008000 08:01 1183936                    /lib/x86_64-linux-gnu/libnss_compat-2.17.so
7fd58fbc7000-7fd58fbf0000 r-xp 00000000 08:01 282924                     /usr/lib/jvm/java-7-oracle/jre/lib/amd64/libjava.so
7fd58fbf0000-7fd58fdf0000 ---p 00029000 08:01 282924                     /usr/lib/jvm/java-7-oracle/jre/lib/amd64/libjava.so
7fd58fdf0000-7fd58fdf2000 rw-p 00029000 08:01 282924                     /usr/lib/jvm/java-7-oracle/jre/lib/amd64/libjava.so
7fd58fdf2000-7fd58fdff000 r-xp 00000000 08:01 282919                     /usr/lib/jvm/java-7-oracle/jre/lib/amd64/libverify.so
7fd58fdff000-7fd58fffe000 ---p 0000d000 08:01 282919                     /usr/lib/jvm/java-7-oracle/jre/lib/amd64/libverify.so
7fd58fffe000-7fd590000000 rw-p 0000c000 08:01 282919                     /usr/lib/jvm/java-7-oracle/jre/lib/amd64/libverify.so
7fd590000000-7fd5906ae000 rw-p 00000000 00:00 0 
7fd5906ae000-7fd594000000 ---p 00000000 00:00 0 
7fd594001000-7fd594005000 r--s 000f7000 08:01 282691                     /usr/lib/jvm/java-7-oracle/jre/lib/ext/localedata.jar
7fd594005000-7fd59400c000 r--s 00037000 08:01 1191105                    /home/michal/jadebusem/schedule_reader/java/ScheduleReader/Tess4J/lib/junit-4.10.jar
7fd59400c000-7fd5940b0000 rw-p 00000000 00:00 0 
7fd5940b0000-7fd5940b1000 ---p 00000000 00:00 0 
7fd5940b1000-7fd5941bc000 rw-p 00000000 00:00 0                          [stack:3657]
7fd5941bc000-7fd5941da000 rw-p 00000000 00:00 0 
7fd5941da000-7fd5941e1000 r-xp 00000000 08:01 1183987                    /lib/x86_64-linux-gnu/librt-2.17.so
7fd5941e1000-7fd5943e0000 ---p 00007000 08:01 1183987                    /lib/x86_64-linux-gnu/librt-2.17.so
7fd5943e0000-7fd5943e1000 r--p 00006000 08:01 1183987                    /lib/x86_64-linux-gnu/librt-2.17.so
7fd5943e1000-7fd5943e2000 rw-p 00007000 08:01 1183987                    /lib/x86_64-linux-gnu/librt-2.17.so
7fd5943e2000-7fd5944e5000 r-xp 00000000 08:01 1183915                    /lib/x86_64-linux-gnu/libm-2.17.so
7fd5944e5000-7fd5946e4000 ---p 00103000 08:01 1183915                    /lib/x86_64-linux-gnu/libm-2.17.so
7fd5946e4000-7fd5946e5000 r--p 00102000 08:01 1183915                    /lib/x86_64-linux-gnu/libm-2.17.so
7fd5946e5000-7fd5946e6000 rw-p 00103000 08:01 1183915                    /lib/x86_64-linux-gnu/libm-2.17.so
7fd5946e6000-7fd595248000 r-xp 00000000 08:01 282906                     /usr/lib/jvm/java-7-oracle/jre/lib/amd64/server/libjvm.so
7fd595248000-7fd595448000 ---p 00b62000 08:01 282906                     /usr/lib/jvm/java-7-oracle/jre/lib/amd64/server/libjvm.so
7fd595448000-7fd59550b000 rw-p 00b62000 08:01 282906                     /usr/lib/jvm/java-7-oracle/jre/lib/amd64/server/libjvm.so
7fd59550b000-7fd59554c000 rw-p 00000000 00:00 0 
7fd59554c000-7fd595709000 r-xp 00000000 08:01 1183864                    /lib/x86_64-linux-gnu/libc-2.17.so
7fd595709000-7fd595909000 ---p 001bd000 08:01 1183864                    /lib/x86_64-linux-gnu/libc-2.17.so
7fd595909000-7fd59590d000 r--p 001bd000 08:01 1183864                    /lib/x86_64-linux-gnu/libc-2.17.so
7fd59590d000-7fd59590f000 rw-p 001c1000 08:01 1183864                    /lib/x86_64-linux-gnu/libc-2.17.so
7fd59590f000-7fd595914000 rw-p 00000000 00:00 0 
7fd595914000-7fd595917000 r-xp 00000000 08:01 1183879                    /lib/x86_64-linux-gnu/libdl-2.17.so
7fd595917000-7fd595b16000 ---p 00003000 08:01 1183879                    /lib/x86_64-linux-gnu/libdl-2.17.so
7fd595b16000-7fd595b17000 r--p 00002000 08:01 1183879                    /lib/x86_64-linux-gnu/libdl-2.17.so
7fd595b17000-7fd595b18000 rw-p 00003000 08:01 1183879                    /lib/x86_64-linux-gnu/libdl-2.17.so
7fd595b18000-7fd595b2e000 r-xp 00000000 08:01 282892                     /usr/lib/jvm/java-7-oracle/jre/lib/amd64/jli/libjli.so
7fd595b2e000-7fd595d2e000 ---p 00016000 08:01 282892                     /usr/lib/jvm/java-7-oracle/jre/lib/amd64/jli/libjli.so
7fd595d2e000-7fd595d2f000 rw-p 00016000 08:01 282892                     /usr/lib/jvm/java-7-oracle/jre/lib/amd64/jli/libjli.so
7fd595d2f000-7fd595d46000 r-xp 00000000 08:01 1183979                    /lib/x86_64-linux-gnu/libpthread-2.17.so
7fd595d46000-7fd595f46000 ---p 00017000 08:01 1183979                    /lib/x86_64-linux-gnu/libpthread-2.17.so
7fd595f46000-7fd595f47000 r--p 00017000 08:01 1183979                    /lib/x86_64-linux-gnu/libpthread-2.17.so
7fd595f47000-7fd595f48000 rw-p 00018000 08:01 1183979                    /lib/x86_64-linux-gnu/libpthread-2.17.so
7fd595f48000-7fd595f4c000 rw-p 00000000 00:00 0 
7fd595f4c000-7fd595f6f000 r-xp 00000000 08:01 1183840                    /lib/x86_64-linux-gnu/ld-2.17.so
7fd595f71000-7fd595f72000 rw-p 00000000 00:00 0 
7fd595f72000-7fd595f75000 r--s 00019000 08:01 1055993                    /home/michal/netbeans-7.4/extide/ant/lib/ant-junit.jar
7fd595f75000-7fd595f9e000 rw-p 00000000 00:00 0 
7fd595f9e000-7fd596054000 rw-p 00000000 00:00 0 
7fd596054000-7fd596057000 ---p 00000000 00:00 0 
7fd596057000-7fd596159000 rw-p 00000000 00:00 0                          [stack:3655]
7fd596159000-7fd59615b000 r--s 00002000 08:01 1055991                    /home/michal/netbeans-7.4/extide/ant/lib/ant-junit4.jar
7fd59615b000-7fd59615c000 r--s 00004000 08:01 1055985                    /home/michal/netbeans-7.4/extide/ant/lib/ant-launcher.jar
7fd59615c000-7fd59615e000 r--s 00006000 08:01 1191099                    /home/michal/jadebusem/schedule_reader/java/ScheduleReader/Tess4J/lib/ghost4j-0.3.1.jar
7fd59615e000-7fd596162000 r--s 000dc000 08:01 1191101                    /home/michal/jadebusem/schedule_reader/java/ScheduleReader/Tess4J/lib/jna.jar
7fd596162000-7fd59616a000 rw-s 00000000 08:01 538849                     /tmp/hsperfdata_michal/3653
7fd59616a000-7fd59616b000 rw-p 00000000 00:00 0 
7fd59616b000-7fd59616c000 r--p 00000000 00:00 0 
7fd59616c000-7fd59616e000 rw-p 00000000 00:00 0 
7fd59616e000-7fd59616f000 r--p 00022000 08:01 1183840                    /lib/x86_64-linux-gnu/ld-2.17.so
7fd59616f000-7fd596171000 rw-p 00023000 08:01 1183840                    /lib/x86_64-linux-gnu/ld-2.17.so
7ffff4799000-7ffff47ba000 rw-p 00000000 00:00 0                          [stack]
7ffff47fe000-7ffff4800000 r-xp 00000000 00:00 0                          [vdso]
ffffffffff600000-ffffffffff601000 r-xp 00000000 00:00 0                  [vsyscall]

VM Arguments:
jvm_args: -ea 
java_command: org.apache.tools.ant.taskdefs.optional.junit.JUnitTestRunner net.sourceforge.tess4j.TesseractTest filtertrace=true haltOnError=false haltOnFailure=false showoutput=true outputtoformatters=true logfailedtests=true logtestlistenerevents=true formatter=org.apache.tools.ant.taskdefs.optional.junit.BriefJUnitResultFormatter formatter=org.apache.tools.ant.taskdefs.optional.junit.XMLJUnitResultFormatter,/home/michal/jadebusem/schedule_reader/java/ScheduleReader/Tess4J/build/test/results/TEST-net.sourceforge.tess4j.TesseractTest.xml crashfile=/home/michal/jadebusem/schedule_reader/java/ScheduleReader/Tess4J/build/junitvmwatcher4287078843973066405.properties propsfile=/home/michal/jadebusem/schedule_reader/java/ScheduleReader/Tess4J/build/junit7472324463539284480.properties
Launcher Type: SUN_STANDARD

Environment Variables:
PATH=/usr/lib/lightdm/lightdm:/usr/local/sbin:/usr/local/bin:/usr/sbin:/usr/bin:/sbin:/bin:/usr/games:/usr/local/games
LD_LIBRARY_PATH=/usr/lib/jvm/java-7-oracle/jre/lib/amd64:/usr/lib/jvm/java-7-oracle/jre/lib/i386:
SHELL=/bin/bash
DISPLAY=:0.0

Signal Handlers:
SIGSEGV: [libjvm.so+0x9935b0], sa_mask[0]=0x7ffbfeff, sa_flags=0x10000004
SIGBUS: [libjvm.so+0x9935b0], sa_mask[0]=0x7ffbfeff, sa_flags=0x10000004
SIGFPE: [libjvm.so+0x810330], sa_mask[0]=0x7ffbfeff, sa_flags=0x10000004
SIGPIPE: [libjvm.so+0x810330], sa_mask[0]=0x7ffbfeff, sa_flags=0x10000004
SIGXFSZ: [libjvm.so+0x810330], sa_mask[0]=0x7ffbfeff, sa_flags=0x10000004
SIGILL: [libjvm.so+0x810330], sa_mask[0]=0x7ffbfeff, sa_flags=0x10000004
SIGUSR1: SIG_DFL, sa_mask[0]=0x00000000, sa_flags=0x00000000
SIGUSR2: [libjvm.so+0x811820], sa_mask[0]=0x00000004, sa_flags=0x10000004
SIGHUP: [libjvm.so+0x812790], sa_mask[0]=0x7ffbfeff, sa_flags=0x10000004
SIGINT: SIG_IGN, sa_mask[0]=0x00000000, sa_flags=0x00000000
SIGTERM: [libjvm.so+0x812790], sa_mask[0]=0x7ffbfeff, sa_flags=0x10000004
SIGQUIT: [libjvm.so+0x812790], sa_mask[0]=0x7ffbfeff, sa_flags=0x10000004


---------------  S Y S T E M  ---------------

OS:wheezy/sid

uname:Linux 3.11.0-13-generic #20-Ubuntu SMP Wed Oct 23 07:38:26 UTC 2013 x86_64
libc:glibc 2.17 NPTL 2.17 
rlimit: STACK 8192k, CORE 0k, NPROC 46408, NOFILE 4096, AS infinity
load average:1,26 0,40 0,14

/proc/meminfo:
MemTotal:        5960424 kB
MemFree:         3912588 kB
Buffers:          108960 kB
Cached:           640936 kB
SwapCached:            0 kB
Active:          1315136 kB
Inactive:         511252 kB
Active(anon):    1077912 kB
Inactive(anon):    15600 kB
Active(file):     237224 kB
Inactive(file):   495652 kB
Unevictable:          32 kB
Mlocked:              32 kB
SwapTotal:       4191228 kB
SwapFree:        4191228 kB
Dirty:               572 kB
Writeback:             0 kB
AnonPages:       1077336 kB
Mapped:           132172 kB
Shmem:             16732 kB
Slab:             112808 kB
SReclaimable:      72888 kB
SUnreclaim:        39920 kB
KernelStack:        5840 kB
PageTables:        24784 kB
NFS_Unstable:          0 kB
Bounce:                0 kB
WritebackTmp:          0 kB
CommitLimit:     7171440 kB
Committed_AS:    3892756 kB
VmallocTotal:   34359738367 kB
VmallocUsed:      174976 kB
VmallocChunk:   34359549824 kB
HardwareCorrupted:     0 kB
AnonHugePages:         0 kB
HugePages_Total:       0
HugePages_Free:        0
HugePages_Rsvd:        0
HugePages_Surp:        0
Hugepagesize:       2048 kB
DirectMap4k:       67456 kB
DirectMap2M:     3979264 kB
DirectMap1G:     2097152 kB


CPU:total 8 (1 cores per cpu, 1 threads per core) family 6 model 60 stepping 3, cmov, cx8, fxsr, mmx, sse, sse2, sse3, ssse3, sse4.1, sse4.2, popcnt, avx, aes, erms, tsc, tscinvbit

/proc/cpuinfo:
processor	: 0
vendor_id	: GenuineIntel
cpu family	: 6
model		: 60
model name	: Intel(R) Core(TM) i7-4770K CPU @ 3.50GHz
stepping	: 3
microcode	: 0x16
cpu MHz		: 4001.000
cache size	: 8192 KB
fpu		: yes
fpu_exception	: yes
cpuid level	: 13
wp		: yes
flags		: fpu vme de pse tsc msr pae mce cx8 apic sep mtrr pge mca cmov pat pse36 clflush dts mmx fxsr sse sse2 ss syscall nx pdpe1gb rdtscp lm constant_tsc arch_perfmon pebs bts nopl xtopology tsc_reliable nonstop_tsc aperfmperf eagerfpu pni pclmulqdq ssse3 fma cx16 pcid sse4_1 sse4_2 x2apic movbe popcnt aes xsave avx f16c rdrand hypervisor lahf_lm ida arat xsaveopt pln pts dtherm fsgsbase smep
bogomips	: 8002.00
clflush size	: 64
cache_alignment	: 64
address sizes	: 40 bits physical, 48 bits virtual
power management:

processor	: 1
vendor_id	: GenuineIntel
cpu family	: 6
model		: 60
model name	: Intel(R) Core(TM) i7-4770K CPU @ 3.50GHz
stepping	: 3
microcode	: 0x16
cpu MHz		: 4001.000
cache size	: 8192 KB
fpu		: yes
fpu_exception	: yes
cpuid level	: 13
wp		: yes
flags		: fpu vme de pse tsc msr pae mce cx8 apic sep mtrr pge mca cmov pat pse36 clflush dts mmx fxsr sse sse2 ss syscall nx pdpe1gb rdtscp lm constant_tsc arch_perfmon pebs bts nopl xtopology tsc_reliable nonstop_tsc aperfmperf eagerfpu pni pclmulqdq ssse3 fma cx16 pcid sse4_1 sse4_2 x2apic movbe popcnt aes xsave avx f16c rdrand hypervisor lahf_lm ida arat xsaveopt pln pts dtherm fsgsbase smep
bogomips	: 8002.00
clflush size	: 64
cache_alignment	: 64
address sizes	: 40 bits physical, 48 bits virtual
power management:

processor	: 2
vendor_id	: GenuineIntel
cpu family	: 6
model		: 60
model name	: Intel(R) Core(TM) i7-4770K CPU @ 3.50GHz
stepping	: 3
microcode	: 0x16
cpu MHz		: 4001.000
cache size	: 8192 KB
fpu		: yes
fpu_exception	: yes
cpuid level	: 13
wp		: yes
flags		: fpu vme de pse tsc msr pae mce cx8 apic sep mtrr pge mca cmov pat pse36 clflush dts mmx fxsr sse sse2 ss syscall nx pdpe1gb rdtscp lm constant_tsc arch_perfmon pebs bts nopl xtopology tsc_reliable nonstop_tsc aperfmperf eagerfpu pni pclmulqdq ssse3 fma cx16 pcid sse4_1 sse4_2 x2apic movbe popcnt aes xsave avx f16c rdrand hypervisor lahf_lm ida arat xsaveopt pln pts dtherm fsgsbase smep
bogomips	: 8002.00
clflush size	: 64
cache_alignment	: 64
address sizes	: 40 bits physical, 48 bits virtual
power management:

processor	: 3
vendor_id	: GenuineIntel
cpu family	: 6
model		: 60
model name	: Intel(R) Core(TM) i7-4770K CPU @ 3.50GHz
stepping	: 3
microcode	: 0x16
cpu MHz		: 4001.000
cache size	: 8192 KB
fpu		: yes
fpu_exception	: yes
cpuid level	: 13
wp		: yes
flags		: fpu vme de pse tsc msr pae mce cx8 apic sep mtrr pge mca cmov pat pse36 clflush dts mmx fxsr sse sse2 ss syscall nx pdpe1gb rdtscp lm constant_tsc arch_perfmon pebs bts nopl xtopology tsc_reliable nonstop_tsc aperfmperf eagerfpu pni pclmulqdq ssse3 fma cx16 pcid sse4_1 sse4_2 x2apic movbe popcnt aes xsave avx f16c rdrand hypervisor lahf_lm ida arat xsaveopt pln pts dtherm fsgsbase smep
bogomips	: 8002.00
clflush size	: 64
cache_alignment	: 64
address sizes	: 40 bits physical, 48 bits virtual
power management:

processor	: 4
vendor_id	: GenuineIntel
cpu family	: 6
model		: 60
model name	: Intel(R) Core(TM) i7-4770K CPU @ 3.50GHz
stepping	: 3
microcode	: 0x16
cpu MHz		: 4001.000
cache size	: 8192 KB
fpu		: yes
fpu_exception	: yes
cpuid level	: 13
wp		: yes
flags		: fpu vme de pse tsc msr pae mce cx8 apic sep mtrr pge mca cmov pat pse36 clflush dts mmx fxsr sse sse2 ss syscall nx pdpe1gb rdtscp lm constant_tsc arch_perfmon pebs bts nopl xtopology tsc_reliable nonstop_tsc aperfmperf eagerfpu pni pclmulqdq ssse3 fma cx16 pcid sse4_1 sse4_2 x2apic movbe popcnt aes xsave avx f16c rdrand hypervisor lahf_lm ida arat xsaveopt pln pts dtherm fsgsbase smep
bogomips	: 8002.00
clflush size	: 64
cache_alignment	: 64
address sizes	: 40 bits physical, 48 bits virtual
power management:

processor	: 5
vendor_id	: GenuineIntel
cpu family	: 6
model		: 60
model name	: Intel(R) Core(TM) i7-4770K CPU @ 3.50GHz
stepping	: 3
microcode	: 0x16
cpu MHz		: 4001.000
cache size	: 8192 KB
fpu		: yes
fpu_exception	: yes
cpuid level	: 13
wp		: yes
flags		: fpu vme de pse tsc msr pae mce cx8 apic sep mtrr pge mca cmov pat pse36 clflush dts mmx fxsr sse sse2 ss syscall nx pdpe1gb rdtscp lm constant_tsc arch_perfmon pebs bts nopl xtopology tsc_reliable nonstop_tsc aperfmperf eagerfpu pni pclmulqdq ssse3 fma cx16 pcid sse4_1 sse4_2 x2apic movbe popcnt aes xsave avx f16c rdrand hypervisor lahf_lm ida arat xsaveopt pln pts dtherm fsgsbase smep
bogomips	: 8002.00
clflush size	: 64
cache_alignment	: 64
address sizes	: 40 bits physical, 48 bits virtual
power management:

processor	: 6
vendor_id	: GenuineIntel
cpu family	: 6
model		: 60
model name	: Intel(R) Core(TM) i7-4770K CPU @ 3.50GHz
stepping	: 3
microcode	: 0x16
cpu MHz		: 4001.000
cache size	: 8192 KB
fpu		: yes
fpu_exception	: yes
cpuid level	: 13
wp		: yes
flags		: fpu vme de pse tsc msr pae mce cx8 apic sep mtrr pge mca cmov pat pse36 clflush dts mmx fxsr sse sse2 ss syscall nx pdpe1gb rdtscp lm constant_tsc arch_perfmon pebs bts nopl xtopology tsc_reliable nonstop_tsc aperfmperf eagerfpu pni pclmulqdq ssse3 fma cx16 pcid sse4_1 sse4_2 x2apic movbe popcnt aes xsave avx f16c rdrand hypervisor lahf_lm ida arat xsaveopt pln pts dtherm fsgsbase smep
bogomips	: 8002.00
clflush size	: 64
cache_alignment	: 64
address sizes	: 40 bits physical, 48 bits virtual
power management:

processor	: 7
vendor_id	: GenuineIntel
cpu family	: 6
model		: 60
model name	: Intel(R) Core(TM) i7-4770K CPU @ 3.50GHz
stepping	: 3
microcode	: 0x16
cpu MHz		: 4001.000
cache size	: 8192 KB
fpu		: yes
fpu_exception	: yes
cpuid level	: 13
wp		: yes
flags		: fpu vme de pse tsc msr pae mce cx8 apic sep mtrr pge mca cmov pat pse36 clflush dts mmx fxsr sse sse2 ss syscall nx pdpe1gb rdtscp lm constant_tsc arch_perfmon pebs bts nopl xtopology tsc_reliable nonstop_tsc aperfmperf eagerfpu pni pclmulqdq ssse3 fma cx16 pcid sse4_1 sse4_2 x2apic movbe popcnt aes xsave avx f16c rdrand hypervisor lahf_lm ida arat xsaveopt pln pts dtherm fsgsbase smep
bogomips	: 8002.00
clflush size	: 64
cache_alignment	: 64
address sizes	: 40 bits physical, 48 bits virtual
power management:



Memory: 4k page, physical 5960424k(3912588k free), swap 4191228k(4191228k free)

vm_info: Java HotSpot(TM) 64-Bit Server VM (24.45-b08) for linux-amd64 JRE (1.7.0_45-b18), built on Oct  8 2013 05:44:25 by "java_re" with gcc 4.3.0 20080428 (Red Hat 4.3.0-8)

time: Tue Mar 11 22:47:44 2014
elapsed time: 0 seconds

